0 info it worked if it ends with ok
1 verbose cli [ 'C:\\Program Files\\nodejs\\\\node.exe',
1 verbose cli   'C:\\Program Files\\nodejs\\node_modules\\npm\\bin\\npm-cli.js',
1 verbose cli   'install',
1 verbose cli   'travis-encrypt',
1 verbose cli   '-g' ]
2 info using npm@1.4.21
3 info using node@v0.10.30
4 verbose node symlink C:\Program Files\nodejs\\node.exe
5 verbose cache add [ 'travis-encrypt', null ]
6 verbose cache add name=undefined spec="travis-encrypt" args=["travis-encrypt",null]
7 verbose parsed url { protocol: null,
7 verbose parsed url   slashes: null,
7 verbose parsed url   auth: null,
7 verbose parsed url   host: null,
7 verbose parsed url   port: null,
7 verbose parsed url   hostname: null,
7 verbose parsed url   hash: null,
7 verbose parsed url   search: null,
7 verbose parsed url   query: null,
7 verbose parsed url   pathname: 'travis-encrypt',
7 verbose parsed url   path: 'travis-encrypt',
7 verbose parsed url   href: 'travis-encrypt' }
8 silly lockFile 963ab7fc-travis-encrypt travis-encrypt
9 verbose lock travis-encrypt C:\Users\Lucy Allen\AppData\Roaming\npm-cache\963ab7fc-travis-encrypt.lock
10 silly lockFile 963ab7fc-travis-encrypt travis-encrypt
11 silly lockFile 963ab7fc-travis-encrypt travis-encrypt
12 verbose addNamed [ 'travis-encrypt', '' ]
13 verbose addNamed [ null, '*' ]
14 silly lockFile 55054a8c-travis-encrypt travis-encrypt@
15 verbose lock travis-encrypt@ C:\Users\Lucy Allen\AppData\Roaming\npm-cache\55054a8c-travis-encrypt.lock
16 silly addNameRange { name: 'travis-encrypt', range: '*', hasData: false }
17 verbose request where is /travis-encrypt
18 verbose request registry https://registry.npmjs.org/
19 verbose request id d01789e4013a7de0
20 verbose url raw /travis-encrypt
21 verbose url resolving [ 'https://registry.npmjs.org/', './travis-encrypt' ]
22 verbose url resolved https://registry.npmjs.org/travis-encrypt
23 verbose request where is https://registry.npmjs.org/travis-encrypt
24 info trying registry request attempt 1 at 11:10:50
25 http GET https://registry.npmjs.org/travis-encrypt
26 http 200 https://registry.npmjs.org/travis-encrypt
27 silly registry.get cb [ 200,
27 silly registry.get   { date: 'Thu, 07 Aug 2014 10:10:41 GMT',
27 silly registry.get     server: 'CouchDB/1.5.0 (Erlang OTP/R14B04)',
27 silly registry.get     etag: '"9MSIOC439TKQPKTO0QNTO8J3C"',
27 silly registry.get     'content-type': 'application/json',
27 silly registry.get     'cache-control': 'max-age=60',
27 silly registry.get     'content-length': '15769',
27 silly registry.get     'accept-ranges': 'bytes',
27 silly registry.get     via: '1.1 varnish',
27 silly registry.get     age: '0',
27 silly registry.get     'x-served-by': 'cache-fra1233-FRA',
27 silly registry.get     'x-cache': 'MISS',
27 silly registry.get     'x-cache-hits': '0',
27 silly registry.get     'x-timer': 'S1407406241.112851,VS0,VE222',
27 silly registry.get     vary: 'Accept',
27 silly registry.get     'keep-alive': 'timeout=10, max=50',
27 silly registry.get     connection: 'Keep-Alive' } ]
28 silly addNameRange number 2 { name: 'travis-encrypt', range: '*', hasData: true }
29 silly addNameRange versions [ 'travis-encrypt',
29 silly addNameRange   [ '0.1.0',
29 silly addNameRange     '0.1.1',
29 silly addNameRange     '0.1.2',
29 silly addNameRange     '0.1.3',
29 silly addNameRange     '0.1.4',
29 silly addNameRange     '0.2.0',
29 silly addNameRange     '0.2.1',
29 silly addNameRange     '0.3.0',
29 silly addNameRange     '1.0.0',
29 silly addNameRange     '1.0.1' ] ]
30 verbose addNamed [ 'travis-encrypt', '1.0.1' ]
31 verbose addNamed [ '1.0.1', '1.0.1' ]
32 silly lockFile fa81c97b-travis-encrypt-1-0-1 travis-encrypt@1.0.1
33 verbose lock travis-encrypt@1.0.1 C:\Users\Lucy Allen\AppData\Roaming\npm-cache\fa81c97b-travis-encrypt-1-0-1.lock
34 silly lockFile d8776728-encrypt-travis-encrypt-1-0-1-tgz https://registry.npmjs.org/travis-encrypt/-/travis-encrypt-1.0.1.tgz
35 verbose lock https://registry.npmjs.org/travis-encrypt/-/travis-encrypt-1.0.1.tgz C:\Users\Lucy Allen\AppData\Roaming\npm-cache\d8776728-encrypt-travis-encrypt-1-0-1-tgz.lock
36 verbose addRemoteTarball [ 'https://registry.npmjs.org/travis-encrypt/-/travis-encrypt-1.0.1.tgz',
36 verbose addRemoteTarball   '9c3dac6c78644b88a0c3f250414d0543886e8cb0' ]
37 info retry fetch attempt 1 at 11:10:51
38 verbose fetch to= C:\Users\LUCYAL~1\AppData\Local\Temp\npm-6516-hQWD16Xs\registry.npmjs.org\travis-encrypt\-\travis-encrypt-1.0.1.tgz
39 http GET https://registry.npmjs.org/travis-encrypt/-/travis-encrypt-1.0.1.tgz
40 http 200 https://registry.npmjs.org/travis-encrypt/-/travis-encrypt-1.0.1.tgz
41 silly lockFile d8776728-encrypt-travis-encrypt-1-0-1-tgz https://registry.npmjs.org/travis-encrypt/-/travis-encrypt-1.0.1.tgz
42 silly lockFile d8776728-encrypt-travis-encrypt-1-0-1-tgz https://registry.npmjs.org/travis-encrypt/-/travis-encrypt-1.0.1.tgz
43 silly lockFile fa81c97b-travis-encrypt-1-0-1 travis-encrypt@1.0.1
44 silly lockFile fa81c97b-travis-encrypt-1-0-1 travis-encrypt@1.0.1
45 silly lockFile 55054a8c-travis-encrypt travis-encrypt@
46 silly lockFile 55054a8c-travis-encrypt travis-encrypt@
47 silly resolved [ { name: 'travis-encrypt',
47 silly resolved     version: '1.0.1',
47 silly resolved     description: 'Encrypts data for use in your travis-ci yml configuration file',
47 silly resolved     repository:
47 silly resolved      { type: 'git',
47 silly resolved        url: 'git://github.com/pwmckenna/node-travis-encrypt.git' },
47 silly resolved     keywords:
47 silly resolved      [ 'travis-pro',
47 silly resolved        'travis',
47 silly resolved        'travis-ci',
47 silly resolved        'encryption',
47 silly resolved        '.travis.yml' ],
47 silly resolved     author: { name: 'Patrick Williams', email: 'pwmckenna@gmail.com' },
47 silly resolved     license: 'BSD',
47 silly resolved     main: 'lib/travis-encrypt',
47 silly resolved     bin: { 'travis-encrypt': './bin/travis-encrypt-cli.js' },
47 silly resolved     homepage: 'https://github.com/pwmckenna/node-travis-encrypt',
47 silly resolved     bugs: { url: 'https://github.com/pwmckenna/node-travis-encrypt/issues' },
47 silly resolved     dependencies:
47 silly resolved      { ursa: '~0.8.0',
47 silly resolved        colors: '~0.6.0-1',
47 silly resolved        'travis-ci': '~1.0.0',
47 silly resolved        yargs: '~1.2.2',
47 silly resolved        split: '~0.3.0' },
47 silly resolved     devDependencies:
47 silly resolved      { grunt: '0.4.0rc7',
47 silly resolved        'grunt-contrib-jshint': '0.1.1rc6',
47 silly resolved        matchdep: '~0.1.1' },
47 silly resolved     engines: { node: '>=0.8.0' },
47 silly resolved     _id: 'travis-encrypt@1.0.1',
47 silly resolved     dist:
47 silly resolved      { shasum: '9c3dac6c78644b88a0c3f250414d0543886e8cb0',
47 silly resolved        tarball: 'http://registry.npmjs.org/travis-encrypt/-/travis-encrypt-1.0.1.tgz' },
47 silly resolved     _from: 'travis-encrypt@',
47 silly resolved     _npmVersion: '1.4.1',
47 silly resolved     _npmUser: { name: 'pwmckenna', email: 'pwmckenna@gmail.com' },
47 silly resolved     maintainers: [ [Object] ],
47 silly resolved     directories: {},
47 silly resolved     _shasum: '9c3dac6c78644b88a0c3f250414d0543886e8cb0',
47 silly resolved     _resolved: 'https://registry.npmjs.org/travis-encrypt/-/travis-encrypt-1.0.1.tgz' } ]
48 info install travis-encrypt@1.0.1 into C:\Users\Lucy Allen\AppData\Roaming\npm
49 info installOne travis-encrypt@1.0.1
50 verbose node_modules\travis-encrypt unbuild
51 verbose tar unpack C:\Users\Lucy Allen\AppData\Roaming\npm-cache\travis-encrypt\1.0.1\package.tgz
52 silly lockFile 81d0fc52--npm-node-modules-travis-encrypt tar://C:\Users\Lucy Allen\AppData\Roaming\npm\node_modules\travis-encrypt
53 verbose lock tar://C:\Users\Lucy Allen\AppData\Roaming\npm\node_modules\travis-encrypt C:\Users\Lucy Allen\AppData\Roaming\npm-cache\81d0fc52--npm-node-modules-travis-encrypt.lock
54 silly lockFile efde5184-travis-encrypt-1-0-1-package-tgz tar://C:\Users\Lucy Allen\AppData\Roaming\npm-cache\travis-encrypt\1.0.1\package.tgz
55 verbose lock tar://C:\Users\Lucy Allen\AppData\Roaming\npm-cache\travis-encrypt\1.0.1\package.tgz C:\Users\Lucy Allen\AppData\Roaming\npm-cache\efde5184-travis-encrypt-1-0-1-package-tgz.lock
56 silly gunzTarPerm modes [ '777', '666' ]
57 silly gunzTarPerm extractEntry package.json
58 silly gunzTarPerm modified mode [ 'package.json', 420, 438 ]
59 silly gunzTarPerm extractEntry .npmignore
60 silly gunzTarPerm modified mode [ '.npmignore', 420, 438 ]
61 silly gunzTarPerm extractEntry README.md
62 silly gunzTarPerm modified mode [ 'README.md', 420, 438 ]
63 silly gunzTarPerm extractEntry bin/travis-encrypt-cli.js
64 silly gunzTarPerm modified mode [ 'bin/travis-encrypt-cli.js', 493, 511 ]
65 silly gunzTarPerm extractEntry lib/travis-encrypt.js
66 silly gunzTarPerm modified mode [ 'lib/travis-encrypt.js', 420, 438 ]
67 silly lockFile 81d0fc52--npm-node-modules-travis-encrypt tar://C:\Users\Lucy Allen\AppData\Roaming\npm\node_modules\travis-encrypt
68 silly lockFile 81d0fc52--npm-node-modules-travis-encrypt tar://C:\Users\Lucy Allen\AppData\Roaming\npm\node_modules\travis-encrypt
69 silly lockFile efde5184-travis-encrypt-1-0-1-package-tgz tar://C:\Users\Lucy Allen\AppData\Roaming\npm-cache\travis-encrypt\1.0.1\package.tgz
70 silly lockFile efde5184-travis-encrypt-1-0-1-package-tgz tar://C:\Users\Lucy Allen\AppData\Roaming\npm-cache\travis-encrypt\1.0.1\package.tgz
71 info preinstall travis-encrypt@1.0.1
72 verbose readDependencies using package.json deps
73 verbose readDependencies using package.json deps
74 verbose cache add [ 'ursa@~0.8.0', null ]
75 verbose cache add name=undefined spec="ursa@~0.8.0" args=["ursa@~0.8.0",null]
76 verbose parsed url { protocol: null,
76 verbose parsed url   slashes: null,
76 verbose parsed url   auth: null,
76 verbose parsed url   host: null,
76 verbose parsed url   port: null,
76 verbose parsed url   hostname: null,
76 verbose parsed url   hash: null,
76 verbose parsed url   search: null,
76 verbose parsed url   query: null,
76 verbose parsed url   pathname: 'ursa@~0.8.0',
76 verbose parsed url   path: 'ursa@~0.8.0',
76 verbose parsed url   href: 'ursa@~0.8.0' }
77 verbose cache add [ 'colors@~0.6.0-1', null ]
78 verbose cache add name=undefined spec="colors@~0.6.0-1" args=["colors@~0.6.0-1",null]
79 verbose parsed url { protocol: null,
79 verbose parsed url   slashes: null,
79 verbose parsed url   auth: null,
79 verbose parsed url   host: null,
79 verbose parsed url   port: null,
79 verbose parsed url   hostname: null,
79 verbose parsed url   hash: null,
79 verbose parsed url   search: null,
79 verbose parsed url   query: null,
79 verbose parsed url   pathname: 'colors@~0.6.0-1',
79 verbose parsed url   path: 'colors@~0.6.0-1',
79 verbose parsed url   href: 'colors@~0.6.0-1' }
80 verbose cache add [ 'travis-ci@~1.0.0', null ]
81 verbose cache add name=undefined spec="travis-ci@~1.0.0" args=["travis-ci@~1.0.0",null]
82 verbose parsed url { protocol: null,
82 verbose parsed url   slashes: null,
82 verbose parsed url   auth: null,
82 verbose parsed url   host: null,
82 verbose parsed url   port: null,
82 verbose parsed url   hostname: null,
82 verbose parsed url   hash: null,
82 verbose parsed url   search: null,
82 verbose parsed url   query: null,
82 verbose parsed url   pathname: 'travis-ci@~1.0.0',
82 verbose parsed url   path: 'travis-ci@~1.0.0',
82 verbose parsed url   href: 'travis-ci@~1.0.0' }
83 verbose cache add [ 'yargs@~1.2.2', null ]
84 verbose cache add name=undefined spec="yargs@~1.2.2" args=["yargs@~1.2.2",null]
85 verbose parsed url { protocol: null,
85 verbose parsed url   slashes: null,
85 verbose parsed url   auth: null,
85 verbose parsed url   host: null,
85 verbose parsed url   port: null,
85 verbose parsed url   hostname: null,
85 verbose parsed url   hash: null,
85 verbose parsed url   search: null,
85 verbose parsed url   query: null,
85 verbose parsed url   pathname: 'yargs@~1.2.2',
85 verbose parsed url   path: 'yargs@~1.2.2',
85 verbose parsed url   href: 'yargs@~1.2.2' }
86 verbose cache add [ 'split@~0.3.0', null ]
87 verbose cache add name=undefined spec="split@~0.3.0" args=["split@~0.3.0",null]
88 verbose parsed url { protocol: null,
88 verbose parsed url   slashes: null,
88 verbose parsed url   auth: null,
88 verbose parsed url   host: null,
88 verbose parsed url   port: null,
88 verbose parsed url   hostname: null,
88 verbose parsed url   hash: null,
88 verbose parsed url   search: null,
88 verbose parsed url   query: null,
88 verbose parsed url   pathname: 'split@~0.3.0',
88 verbose parsed url   path: 'split@~0.3.0',
88 verbose parsed url   href: 'split@~0.3.0' }
89 verbose cache add name="ursa" spec="~0.8.0" args=["ursa","~0.8.0"]
90 verbose parsed url { protocol: null,
90 verbose parsed url   slashes: null,
90 verbose parsed url   auth: null,
90 verbose parsed url   host: null,
90 verbose parsed url   port: null,
90 verbose parsed url   hostname: null,
90 verbose parsed url   hash: null,
90 verbose parsed url   search: null,
90 verbose parsed url   query: null,
90 verbose parsed url   pathname: '~0.8.0',
90 verbose parsed url   path: '~0.8.0',
90 verbose parsed url   href: '~0.8.0' }
91 verbose addNamed [ 'ursa', '~0.8.0' ]
92 verbose addNamed [ null, '>=0.8.0-0 <0.9.0-0' ]
93 silly lockFile ae842a78-ursa-0-8-0 ursa@~0.8.0
94 verbose lock ursa@~0.8.0 C:\Users\Lucy Allen\AppData\Roaming\npm-cache\ae842a78-ursa-0-8-0.lock
95 verbose cache add name="colors" spec="~0.6.0-1" args=["colors","~0.6.0-1"]
96 verbose parsed url { protocol: null,
96 verbose parsed url   slashes: null,
96 verbose parsed url   auth: null,
96 verbose parsed url   host: null,
96 verbose parsed url   port: null,
96 verbose parsed url   hostname: null,
96 verbose parsed url   hash: null,
96 verbose parsed url   search: null,
96 verbose parsed url   query: null,
96 verbose parsed url   pathname: '~0.6.0-1',
96 verbose parsed url   path: '~0.6.0-1',
96 verbose parsed url   href: '~0.6.0-1' }
97 verbose addNamed [ 'colors', '~0.6.0-1' ]
98 verbose addNamed [ null, '>=0.6.0-1 <0.7.0-0' ]
99 silly lockFile f29bff6b-colors-0-6-0-1 colors@~0.6.0-1
100 verbose lock colors@~0.6.0-1 C:\Users\Lucy Allen\AppData\Roaming\npm-cache\f29bff6b-colors-0-6-0-1.lock
101 verbose cache add name="travis-ci" spec="~1.0.0" args=["travis-ci","~1.0.0"]
102 verbose parsed url { protocol: null,
102 verbose parsed url   slashes: null,
102 verbose parsed url   auth: null,
102 verbose parsed url   host: null,
102 verbose parsed url   port: null,
102 verbose parsed url   hostname: null,
102 verbose parsed url   hash: null,
102 verbose parsed url   search: null,
102 verbose parsed url   query: null,
102 verbose parsed url   pathname: '~1.0.0',
102 verbose parsed url   path: '~1.0.0',
102 verbose parsed url   href: '~1.0.0' }
103 verbose addNamed [ 'travis-ci', '~1.0.0' ]
104 verbose addNamed [ null, '>=1.0.0-0 <1.1.0-0' ]
105 silly lockFile 8547c4ee-travis-ci-1-0-0 travis-ci@~1.0.0
106 verbose lock travis-ci@~1.0.0 C:\Users\Lucy Allen\AppData\Roaming\npm-cache\8547c4ee-travis-ci-1-0-0.lock
107 verbose cache add name="yargs" spec="~1.2.2" args=["yargs","~1.2.2"]
108 verbose parsed url { protocol: null,
108 verbose parsed url   slashes: null,
108 verbose parsed url   auth: null,
108 verbose parsed url   host: null,
108 verbose parsed url   port: null,
108 verbose parsed url   hostname: null,
108 verbose parsed url   hash: null,
108 verbose parsed url   search: null,
108 verbose parsed url   query: null,
108 verbose parsed url   pathname: '~1.2.2',
108 verbose parsed url   path: '~1.2.2',
108 verbose parsed url   href: '~1.2.2' }
109 verbose addNamed [ 'yargs', '~1.2.2' ]
110 verbose addNamed [ null, '>=1.2.2-0 <1.3.0-0' ]
111 silly lockFile 3bdfd5c1-yargs-1-2-2 yargs@~1.2.2
112 verbose lock yargs@~1.2.2 C:\Users\Lucy Allen\AppData\Roaming\npm-cache\3bdfd5c1-yargs-1-2-2.lock
113 verbose cache add name="split" spec="~0.3.0" args=["split","~0.3.0"]
114 verbose parsed url { protocol: null,
114 verbose parsed url   slashes: null,
114 verbose parsed url   auth: null,
114 verbose parsed url   host: null,
114 verbose parsed url   port: null,
114 verbose parsed url   hostname: null,
114 verbose parsed url   hash: null,
114 verbose parsed url   search: null,
114 verbose parsed url   query: null,
114 verbose parsed url   pathname: '~0.3.0',
114 verbose parsed url   path: '~0.3.0',
114 verbose parsed url   href: '~0.3.0' }
115 verbose addNamed [ 'split', '~0.3.0' ]
116 verbose addNamed [ null, '>=0.3.0-0 <0.4.0-0' ]
117 silly lockFile 7f6d560b-split-0-3-0 split@~0.3.0
118 verbose lock split@~0.3.0 C:\Users\Lucy Allen\AppData\Roaming\npm-cache\7f6d560b-split-0-3-0.lock
119 silly addNameRange { name: 'colors', range: '>=0.6.0-1 <0.7.0-0', hasData: false }
120 silly addNameRange { name: 'travis-ci',
120 silly addNameRange   range: '>=1.0.0-0 <1.1.0-0',
120 silly addNameRange   hasData: false }
121 silly addNameRange { name: 'ursa', range: '>=0.8.0-0 <0.9.0-0', hasData: false }
122 silly addNameRange { name: 'yargs', range: '>=1.2.2-0 <1.3.0-0', hasData: false }
123 verbose request where is /colors
124 verbose request registry https://registry.npmjs.org/
125 verbose url raw /colors
126 verbose url resolving [ 'https://registry.npmjs.org/', './colors' ]
127 verbose url resolved https://registry.npmjs.org/colors
128 verbose request where is https://registry.npmjs.org/colors
129 info trying registry request attempt 1 at 11:10:51
130 http GET https://registry.npmjs.org/colors
131 verbose request where is /travis-ci
132 verbose request registry https://registry.npmjs.org/
133 verbose url raw /travis-ci
134 verbose url resolving [ 'https://registry.npmjs.org/', './travis-ci' ]
135 verbose url resolved https://registry.npmjs.org/travis-ci
136 verbose request where is https://registry.npmjs.org/travis-ci
137 info trying registry request attempt 1 at 11:10:51
138 http GET https://registry.npmjs.org/travis-ci
139 verbose request where is /ursa
140 verbose request registry https://registry.npmjs.org/
141 verbose url raw /ursa
142 verbose url resolving [ 'https://registry.npmjs.org/', './ursa' ]
143 verbose url resolved https://registry.npmjs.org/ursa
144 verbose request where is https://registry.npmjs.org/ursa
145 info trying registry request attempt 1 at 11:10:51
146 http GET https://registry.npmjs.org/ursa
147 verbose request where is /yargs
148 verbose request registry https://registry.npmjs.org/
149 verbose url raw /yargs
150 verbose url resolving [ 'https://registry.npmjs.org/', './yargs' ]
151 verbose url resolved https://registry.npmjs.org/yargs
152 verbose request where is https://registry.npmjs.org/yargs
153 info trying registry request attempt 1 at 11:10:51
154 http GET https://registry.npmjs.org/yargs
155 silly addNameRange { name: 'split', range: '>=0.3.0-0 <0.4.0-0', hasData: false }
156 verbose request where is /split
157 verbose request registry https://registry.npmjs.org/
158 verbose url raw /split
159 verbose url resolving [ 'https://registry.npmjs.org/', './split' ]
160 verbose url resolved https://registry.npmjs.org/split
161 verbose request where is https://registry.npmjs.org/split
162 info trying registry request attempt 1 at 11:10:51
163 http GET https://registry.npmjs.org/split
164 http 200 https://registry.npmjs.org/colors
165 silly registry.get cb [ 200,
165 silly registry.get   { date: 'Thu, 07 Aug 2014 10:10:42 GMT',
165 silly registry.get     server: 'CouchDB/1.5.0 (Erlang OTP/R16B03)',
165 silly registry.get     etag: '"2YZ5WYMUI4X6FK8TB8F3HQ7SJ"',
165 silly registry.get     'content-type': 'application/json',
165 silly registry.get     'cache-control': 'max-age=60',
165 silly registry.get     'content-length': '8550',
165 silly registry.get     'accept-ranges': 'bytes',
165 silly registry.get     via: '1.1 varnish',
165 silly registry.get     age: '1019',
165 silly registry.get     'x-served-by': 'cache-fra1226-FRA',
165 silly registry.get     'x-cache': 'HIT',
165 silly registry.get     'x-cache-hits': '3',
165 silly registry.get     'x-timer': 'S1407406242.309172,VS0,VE0',
165 silly registry.get     vary: 'Accept',
165 silly registry.get     'keep-alive': 'timeout=10, max=50',
165 silly registry.get     connection: 'Keep-Alive' } ]
166 silly addNameRange number 2 { name: 'colors', range: '>=0.6.0-1 <0.7.0-0', hasData: true }
167 silly addNameRange versions [ 'colors',
167 silly addNameRange   [ '0.3.0', '0.5.0', '0.5.1', '0.6.0', '0.6.0-1', '0.6.1', '0.6.2' ] ]
168 verbose addNamed [ 'colors', '0.6.2' ]
169 verbose addNamed [ '0.6.2', '0.6.2' ]
170 silly lockFile 1ce149d5-colors-0-6-2 colors@0.6.2
171 verbose lock colors@0.6.2 C:\Users\Lucy Allen\AppData\Roaming\npm-cache\1ce149d5-colors-0-6-2.lock
172 silly lockFile ab5efc36-pmjs-org-colors-colors-0-6-2-tgz https://registry.npmjs.org/colors/-/colors-0.6.2.tgz
173 verbose lock https://registry.npmjs.org/colors/-/colors-0.6.2.tgz C:\Users\Lucy Allen\AppData\Roaming\npm-cache\ab5efc36-pmjs-org-colors-colors-0-6-2-tgz.lock
174 verbose addRemoteTarball [ 'https://registry.npmjs.org/colors/-/colors-0.6.2.tgz',
174 verbose addRemoteTarball   '2423fe6678ac0c5dae8852e5d0e5be08c997abcc' ]
175 info retry fetch attempt 1 at 11:10:52
176 verbose fetch to= C:\Users\LUCYAL~1\AppData\Local\Temp\npm-6516-hQWD16Xs\registry.npmjs.org\colors\-\colors-0.6.2.tgz
177 http GET https://registry.npmjs.org/colors/-/colors-0.6.2.tgz
178 http 200 https://registry.npmjs.org/split
179 silly registry.get cb [ 200,
179 silly registry.get   { date: 'Thu, 07 Aug 2014 10:10:42 GMT',
179 silly registry.get     server: 'CouchDB/1.5.0 (Erlang OTP/R16B03)',
179 silly registry.get     etag: '"DDEA7V0FDML1V0755SZTMAA51"',
179 silly registry.get     'content-type': 'application/json',
179 silly registry.get     'cache-control': 'max-age=60',
179 silly registry.get     'content-length': '16303',
179 silly registry.get     'accept-ranges': 'bytes',
179 silly registry.get     via: '1.1 varnish',
179 silly registry.get     age: '942',
179 silly registry.get     'x-served-by': 'cache-fra1221-FRA',
179 silly registry.get     'x-cache': 'HIT',
179 silly registry.get     'x-cache-hits': '1',
179 silly registry.get     'x-timer': 'S1407406242.309908,VS0,VE0',
179 silly registry.get     vary: 'Accept',
179 silly registry.get     'keep-alive': 'timeout=10, max=50',
179 silly registry.get     connection: 'Keep-Alive' } ]
180 silly addNameRange number 2 { name: 'split', range: '>=0.3.0-0 <0.4.0-0', hasData: true }
181 silly addNameRange versions [ 'split',
181 silly addNameRange   [ '0.0.0',
181 silly addNameRange     '0.1.0',
181 silly addNameRange     '0.1.1',
181 silly addNameRange     '0.1.2',
181 silly addNameRange     '0.2.0',
181 silly addNameRange     '0.2.1',
181 silly addNameRange     '0.2.3',
181 silly addNameRange     '0.2.4',
181 silly addNameRange     '0.2.5',
181 silly addNameRange     '0.2.6',
181 silly addNameRange     '0.2.7',
181 silly addNameRange     '0.2.8',
181 silly addNameRange     '0.2.9',
181 silly addNameRange     '0.2.10',
181 silly addNameRange     '0.3.0' ] ]
182 verbose addNamed [ 'split', '0.3.0' ]
183 verbose addNamed [ '0.3.0', '0.3.0' ]
184 silly lockFile 3e96a76e-split-0-3-0 split@0.3.0
185 verbose lock split@0.3.0 C:\Users\Lucy Allen\AppData\Roaming\npm-cache\3e96a76e-split-0-3-0.lock
186 silly lockFile 97bda5d2--npmjs-org-split-split-0-3-0-tgz https://registry.npmjs.org/split/-/split-0.3.0.tgz
187 verbose lock https://registry.npmjs.org/split/-/split-0.3.0.tgz C:\Users\Lucy Allen\AppData\Roaming\npm-cache\97bda5d2--npmjs-org-split-split-0-3-0-tgz.lock
188 verbose addRemoteTarball [ 'https://registry.npmjs.org/split/-/split-0.3.0.tgz',
188 verbose addRemoteTarball   '02958c9fb7adb35907ac7068629aa28c91814f1b' ]
189 info retry fetch attempt 1 at 11:10:52
190 verbose fetch to= C:\Users\LUCYAL~1\AppData\Local\Temp\npm-6516-hQWD16Xs\registry.npmjs.org\split\-\split-0.3.0.tgz
191 http GET https://registry.npmjs.org/split/-/split-0.3.0.tgz
192 http 200 https://registry.npmjs.org/colors/-/colors-0.6.2.tgz
193 silly lockFile ab5efc36-pmjs-org-colors-colors-0-6-2-tgz https://registry.npmjs.org/colors/-/colors-0.6.2.tgz
194 silly lockFile ab5efc36-pmjs-org-colors-colors-0-6-2-tgz https://registry.npmjs.org/colors/-/colors-0.6.2.tgz
195 silly lockFile 1ce149d5-colors-0-6-2 colors@0.6.2
196 silly lockFile 1ce149d5-colors-0-6-2 colors@0.6.2
197 silly lockFile f29bff6b-colors-0-6-0-1 colors@~0.6.0-1
198 silly lockFile f29bff6b-colors-0-6-0-1 colors@~0.6.0-1
199 http 200 https://registry.npmjs.org/ursa
200 silly registry.get cb [ 200,
200 silly registry.get   { date: 'Thu, 07 Aug 2014 10:10:42 GMT',
200 silly registry.get     server: 'CouchDB/1.5.0 (Erlang OTP/R16B03)',
200 silly registry.get     etag: '"DF2CS3NGXF3YZN0WQE4HOVN08"',
200 silly registry.get     'content-type': 'application/json',
200 silly registry.get     'cache-control': 'max-age=60',
200 silly registry.get     'content-length': '64267',
200 silly registry.get     'accept-ranges': 'bytes',
200 silly registry.get     via: '1.1 varnish',
200 silly registry.get     age: '5030',
200 silly registry.get     'x-served-by': 'cache-fra1223-FRA',
200 silly registry.get     'x-cache': 'MISS',
200 silly registry.get     'x-cache-hits': '0',
200 silly registry.get     'x-timer': 'S1407406242.309020,VS0,VE177',
200 silly registry.get     vary: 'Accept',
200 silly registry.get     'keep-alive': 'timeout=10, max=50',
200 silly registry.get     connection: 'Keep-Alive' } ]
201 silly addNameRange number 2 { name: 'ursa', range: '>=0.8.0-0 <0.9.0-0', hasData: true }
202 silly addNameRange versions [ 'ursa',
202 silly addNameRange   [ '0.4.10',
202 silly addNameRange     '0.4.11',
202 silly addNameRange     '0.4.12',
202 silly addNameRange     '0.4.13',
202 silly addNameRange     '0.6.0',
202 silly addNameRange     '0.6.1',
202 silly addNameRange     '0.6.2',
202 silly addNameRange     '0.6.3',
202 silly addNameRange     '0.6.4',
202 silly addNameRange     '0.6.5',
202 silly addNameRange     '0.6.6',
202 silly addNameRange     '0.6.7',
202 silly addNameRange     '0.6.8',
202 silly addNameRange     '0.6.9',
202 silly addNameRange     '0.7.0',
202 silly addNameRange     '0.8.0' ] ]
203 verbose addNamed [ 'ursa', '0.8.0' ]
204 verbose addNamed [ '0.8.0', '0.8.0' ]
205 silly lockFile ffd8e17f-ursa-0-8-0 ursa@0.8.0
206 verbose lock ursa@0.8.0 C:\Users\Lucy Allen\AppData\Roaming\npm-cache\ffd8e17f-ursa-0-8-0.lock
207 silly lockFile 4d44d97a-ry-npmjs-org-ursa-ursa-0-8-0-tgz https://registry.npmjs.org/ursa/-/ursa-0.8.0.tgz
208 verbose lock https://registry.npmjs.org/ursa/-/ursa-0.8.0.tgz C:\Users\Lucy Allen\AppData\Roaming\npm-cache\4d44d97a-ry-npmjs-org-ursa-ursa-0-8-0-tgz.lock
209 verbose addRemoteTarball [ 'https://registry.npmjs.org/ursa/-/ursa-0.8.0.tgz',
209 verbose addRemoteTarball   '05d69d05c9e217025e3d10231b4f7848ecc82356' ]
210 info retry fetch attempt 1 at 11:10:52
211 verbose fetch to= C:\Users\LUCYAL~1\AppData\Local\Temp\npm-6516-hQWD16Xs\registry.npmjs.org\ursa\-\ursa-0.8.0.tgz
212 http GET https://registry.npmjs.org/ursa/-/ursa-0.8.0.tgz
213 http 200 https://registry.npmjs.org/split/-/split-0.3.0.tgz
214 silly lockFile 97bda5d2--npmjs-org-split-split-0-3-0-tgz https://registry.npmjs.org/split/-/split-0.3.0.tgz
215 silly lockFile 97bda5d2--npmjs-org-split-split-0-3-0-tgz https://registry.npmjs.org/split/-/split-0.3.0.tgz
216 silly lockFile 3e96a76e-split-0-3-0 split@0.3.0
217 silly lockFile 3e96a76e-split-0-3-0 split@0.3.0
218 silly lockFile 7f6d560b-split-0-3-0 split@~0.3.0
219 silly lockFile 7f6d560b-split-0-3-0 split@~0.3.0
220 http 200 https://registry.npmjs.org/yargs
221 silly registry.get cb [ 200,
221 silly registry.get   { date: 'Thu, 07 Aug 2014 10:10:42 GMT',
221 silly registry.get     server: 'CouchDB/1.5.0 (Erlang OTP/R16B03)',
221 silly registry.get     etag: '"1PG9VMJWUS01OWZAQECZZKAUD"',
221 silly registry.get     'content-type': 'application/json',
221 silly registry.get     'cache-control': 'max-age=60',
221 silly registry.get     'content-length': '49935',
221 silly registry.get     'accept-ranges': 'bytes',
221 silly registry.get     via: '1.1 varnish',
221 silly registry.get     age: '358',
221 silly registry.get     'x-served-by': 'cache-fra1226-FRA',
221 silly registry.get     'x-cache': 'HIT',
221 silly registry.get     'x-cache-hits': '1',
221 silly registry.get     'x-timer': 'S1407406242.309373,VS0,VE418',
221 silly registry.get     vary: 'Accept',
221 silly registry.get     'keep-alive': 'timeout=10, max=50',
221 silly registry.get     connection: 'Keep-Alive' } ]
222 silly addNameRange number 2 { name: 'yargs', range: '>=1.2.2-0 <1.3.0-0', hasData: true }
223 silly addNameRange versions [ 'yargs',
223 silly addNameRange   [ '1.0.0',
223 silly addNameRange     '1.0.1',
223 silly addNameRange     '1.0.3',
223 silly addNameRange     '1.0.4',
223 silly addNameRange     '1.0.5',
223 silly addNameRange     '1.0.6',
223 silly addNameRange     '1.0.7',
223 silly addNameRange     '1.0.8',
223 silly addNameRange     '1.0.9',
223 silly addNameRange     '1.0.10',
223 silly addNameRange     '1.0.11',
223 silly addNameRange     '1.0.12',
223 silly addNameRange     '1.0.13',
223 silly addNameRange     '1.0.15',
223 silly addNameRange     '1.1.0',
223 silly addNameRange     '1.1.1',
223 silly addNameRange     '1.1.2',
223 silly addNameRange     '1.1.3',
223 silly addNameRange     '1.2.0',
223 silly addNameRange     '1.2.1',
223 silly addNameRange     '1.2.2',
223 silly addNameRange     '1.2.3',
223 silly addNameRange     '1.2.4',
223 silly addNameRange     '1.2.5',
223 silly addNameRange     '1.2.6',
223 silly addNameRange     '1.3.0',
223 silly addNameRange     '1.3.1' ] ]
224 verbose addNamed [ 'yargs', '1.2.6' ]
225 verbose addNamed [ '1.2.6', '1.2.6' ]
226 silly lockFile 6b8b29b1-yargs-1-2-6 yargs@1.2.6
227 verbose lock yargs@1.2.6 C:\Users\Lucy Allen\AppData\Roaming\npm-cache\6b8b29b1-yargs-1-2-6.lock
228 silly lockFile 66ec9846--npmjs-org-yargs-yargs-1-2-6-tgz https://registry.npmjs.org/yargs/-/yargs-1.2.6.tgz
229 verbose lock https://registry.npmjs.org/yargs/-/yargs-1.2.6.tgz C:\Users\Lucy Allen\AppData\Roaming\npm-cache\66ec9846--npmjs-org-yargs-yargs-1-2-6-tgz.lock
230 verbose addRemoteTarball [ 'https://registry.npmjs.org/yargs/-/yargs-1.2.6.tgz',
230 verbose addRemoteTarball   '9c7b4a82fd5d595b2bf17ab6dcc43135432fe34b' ]
231 info retry fetch attempt 1 at 11:10:52
232 verbose fetch to= C:\Users\LUCYAL~1\AppData\Local\Temp\npm-6516-hQWD16Xs\registry.npmjs.org\yargs\-\yargs-1.2.6.tgz
233 http GET https://registry.npmjs.org/yargs/-/yargs-1.2.6.tgz
234 http 200 https://registry.npmjs.org/ursa/-/ursa-0.8.0.tgz
235 silly lockFile 4d44d97a-ry-npmjs-org-ursa-ursa-0-8-0-tgz https://registry.npmjs.org/ursa/-/ursa-0.8.0.tgz
236 silly lockFile 4d44d97a-ry-npmjs-org-ursa-ursa-0-8-0-tgz https://registry.npmjs.org/ursa/-/ursa-0.8.0.tgz
237 silly lockFile ffd8e17f-ursa-0-8-0 ursa@0.8.0
238 silly lockFile ffd8e17f-ursa-0-8-0 ursa@0.8.0
239 silly lockFile ae842a78-ursa-0-8-0 ursa@~0.8.0
240 silly lockFile ae842a78-ursa-0-8-0 ursa@~0.8.0
241 http 200 https://registry.npmjs.org/yargs/-/yargs-1.2.6.tgz
242 silly lockFile 66ec9846--npmjs-org-yargs-yargs-1-2-6-tgz https://registry.npmjs.org/yargs/-/yargs-1.2.6.tgz
243 silly lockFile 66ec9846--npmjs-org-yargs-yargs-1-2-6-tgz https://registry.npmjs.org/yargs/-/yargs-1.2.6.tgz
244 silly lockFile 6b8b29b1-yargs-1-2-6 yargs@1.2.6
245 silly lockFile 6b8b29b1-yargs-1-2-6 yargs@1.2.6
246 silly lockFile 3bdfd5c1-yargs-1-2-2 yargs@~1.2.2
247 silly lockFile 3bdfd5c1-yargs-1-2-2 yargs@~1.2.2
248 http 200 https://registry.npmjs.org/travis-ci
249 silly registry.get cb [ 200,
249 silly registry.get   { date: 'Thu, 07 Aug 2014 10:10:43 GMT',
249 silly registry.get     server: 'CouchDB/1.5.0 (Erlang OTP/R16B03)',
249 silly registry.get     etag: '"689F4AIQYA977XYHLEU90FGWP"',
249 silly registry.get     'content-type': 'application/json',
249 silly registry.get     'cache-control': 'max-age=60',
249 silly registry.get     'content-length': '32907',
249 silly registry.get     'accept-ranges': 'bytes',
249 silly registry.get     via: '1.1 varnish',
249 silly registry.get     age: '0',
249 silly registry.get     'x-served-by': 'cache-fra1225-FRA',
249 silly registry.get     'x-cache': 'MISS',
249 silly registry.get     'x-cache-hits': '0',
249 silly registry.get     'x-timer': 'S1407406242.309696,VS0,VE850',
249 silly registry.get     vary: 'Accept',
249 silly registry.get     'keep-alive': 'timeout=10, max=50',
249 silly registry.get     connection: 'Keep-Alive' } ]
250 silly addNameRange number 2 { name: 'travis-ci', range: '>=1.0.0-0 <1.1.0-0', hasData: true }
251 silly addNameRange versions [ 'travis-ci',
251 silly addNameRange   [ '0.0.1',
251 silly addNameRange     '0.1.0',
251 silly addNameRange     '0.1.1',
251 silly addNameRange     '0.1.2',
251 silly addNameRange     '0.1.3',
251 silly addNameRange     '0.1.4',
251 silly addNameRange     '1.0.0',
251 silly addNameRange     '1.0.1',
251 silly addNameRange     '1.1.0',
251 silly addNameRange     '1.1.1',
251 silly addNameRange     '1.2.0' ] ]
252 verbose addNamed [ 'travis-ci', '1.0.1' ]
253 verbose addNamed [ '1.0.1', '1.0.1' ]
254 silly lockFile 915a6e22-travis-ci-1-0-1 travis-ci@1.0.1
255 verbose lock travis-ci@1.0.1 C:\Users\Lucy Allen\AppData\Roaming\npm-cache\915a6e22-travis-ci-1-0-1.lock
256 silly lockFile 5f76f160-rg-travis-ci-travis-ci-1-0-1-tgz https://registry.npmjs.org/travis-ci/-/travis-ci-1.0.1.tgz
257 verbose lock https://registry.npmjs.org/travis-ci/-/travis-ci-1.0.1.tgz C:\Users\Lucy Allen\AppData\Roaming\npm-cache\5f76f160-rg-travis-ci-travis-ci-1-0-1-tgz.lock
258 verbose addRemoteTarball [ 'https://registry.npmjs.org/travis-ci/-/travis-ci-1.0.1.tgz',
258 verbose addRemoteTarball   '736320d9d2cec0fa8a010b2ba00c8a75b1c81e5e' ]
259 info retry fetch attempt 1 at 11:10:53
260 verbose fetch to= C:\Users\LUCYAL~1\AppData\Local\Temp\npm-6516-hQWD16Xs\registry.npmjs.org\travis-ci\-\travis-ci-1.0.1.tgz
261 http GET https://registry.npmjs.org/travis-ci/-/travis-ci-1.0.1.tgz
262 http 200 https://registry.npmjs.org/travis-ci/-/travis-ci-1.0.1.tgz
263 silly lockFile 5f76f160-rg-travis-ci-travis-ci-1-0-1-tgz https://registry.npmjs.org/travis-ci/-/travis-ci-1.0.1.tgz
264 silly lockFile 5f76f160-rg-travis-ci-travis-ci-1-0-1-tgz https://registry.npmjs.org/travis-ci/-/travis-ci-1.0.1.tgz
265 silly lockFile 915a6e22-travis-ci-1-0-1 travis-ci@1.0.1
266 silly lockFile 915a6e22-travis-ci-1-0-1 travis-ci@1.0.1
267 silly lockFile 8547c4ee-travis-ci-1-0-0 travis-ci@~1.0.0
268 silly lockFile 8547c4ee-travis-ci-1-0-0 travis-ci@~1.0.0
269 silly resolved [ { name: 'colors',
269 silly resolved     description: 'get colors in your node.js console like what',
269 silly resolved     version: '0.6.2',
269 silly resolved     author: { name: 'Marak Squires' },
269 silly resolved     homepage: 'https://github.com/Marak/colors.js',
269 silly resolved     bugs: { url: 'https://github.com/Marak/colors.js/issues' },
269 silly resolved     keywords: [ 'ansi', 'terminal', 'colors' ],
269 silly resolved     repository: { type: 'git', url: 'http://github.com/Marak/colors.js.git' },
269 silly resolved     engines: { node: '>=0.1.90' },
269 silly resolved     main: 'colors',
269 silly resolved     _id: 'colors@0.6.2',
269 silly resolved     dist:
269 silly resolved      { shasum: '2423fe6678ac0c5dae8852e5d0e5be08c997abcc',
269 silly resolved        tarball: 'http://registry.npmjs.org/colors/-/colors-0.6.2.tgz' },
269 silly resolved     _from: 'colors@~0.6.0-1',
269 silly resolved     _npmVersion: '1.2.30',
269 silly resolved     _npmUser: { name: 'marak', email: 'marak.squires@gmail.com' },
269 silly resolved     maintainers: [ [Object] ],
269 silly resolved     directories: {},
269 silly resolved     _shasum: '2423fe6678ac0c5dae8852e5d0e5be08c997abcc',
269 silly resolved     _resolved: 'https://registry.npmjs.org/colors/-/colors-0.6.2.tgz' },
269 silly resolved   { name: 'split',
269 silly resolved     version: '0.3.0',
269 silly resolved     description: 'split a Text Stream into a Line Stream',
269 silly resolved     homepage: 'http://github.com/dominictarr/split',
269 silly resolved     repository: { type: 'git', url: 'git://github.com/dominictarr/split.git' },
269 silly resolved     dependencies: { through: '2' },
269 silly resolved     devDependencies:
269 silly resolved      { asynct: '*',
269 silly resolved        'it-is': '1',
269 silly resolved        ubelt: '~2.9',
269 silly resolved        'stream-spec': '~0.2',
269 silly resolved        'event-stream': '~3.0.2' },
269 silly resolved     scripts: { test: 'asynct test/' },
269 silly resolved     author:
269 silly resolved      { name: 'Dominic Tarr',
269 silly resolved        email: 'dominic.tarr@gmail.com',
269 silly resolved        url: 'http://bit.ly/dominictarr' },
269 silly resolved     optionalDependencies: {},
269 silly resolved     engines: { node: '*' },
269 silly resolved     bugs: { url: 'https://github.com/dominictarr/split/issues' },
269 silly resolved     _id: 'split@0.3.0',
269 silly resolved     dist:
269 silly resolved      { shasum: '02958c9fb7adb35907ac7068629aa28c91814f1b',
269 silly resolved        tarball: 'http://registry.npmjs.org/split/-/split-0.3.0.tgz' },
269 silly resolved     _from: 'split@~0.3.0',
269 silly resolved     _npmVersion: '1.3.21',
269 silly resolved     _npmUser: { name: 'dominictarr', email: 'dominic.tarr@gmail.com' },
269 silly resolved     maintainers: [ [Object] ],
269 silly resolved     directories: {},
269 silly resolved     _shasum: '02958c9fb7adb35907ac7068629aa28c91814f1b',
269 silly resolved     _resolved: 'https://registry.npmjs.org/split/-/split-0.3.0.tgz' },
269 silly resolved   { name: 'ursa',
269 silly resolved     version: '0.8.0',
269 silly resolved     keywords:
269 silly resolved      [ 'crypto',
269 silly resolved        'key',
269 silly resolved        'openssl',
269 silly resolved        'private',
269 silly resolved        'public',
269 silly resolved        'rsa',
269 silly resolved        'sign',
269 silly resolved        'signature',
269 silly resolved        'verify',
269 silly resolved        'verification',
269 silly resolved        'hash',
269 silly resolved        'digest' ],
269 silly resolved     description: 'RSA public/private key crypto',
269 silly resolved     homepage: 'https://github.com/Obvious/ursa',
269 silly resolved     repository: { type: 'git', url: 'https://github.com/Obvious/ursa.git' },
269 silly resolved     licenses: [ [Object] ],
269 silly resolved     author:
269 silly resolved      { name: 'Dan Bornstein',
269 silly resolved        email: 'danfuzz@milk.com',
269 silly resolved        url: 'http://www.milk.com/' },
269 silly resolved     maintainers: [ [Object] ],
269 silly resolved     main: 'lib/ursa.js',
269 silly resolved     engine: { node: '>=0.6.0' },
269 silly resolved     scripts:
269 silly resolved      { install: 'node-gyp configure build && node install.js',
269 silly resolved        test: 'node test/test.js' },
269 silly resolved     readme: 'ursa\n====\n\nThis Node module provides a fairly complete set of wrappers for the\nRSA public/private key crypto functionality of OpenSSL.\n\nIt has been tested by the maintainer on both Node 0.6.* and Node 0.8.*,\non both Linux and OS X (the latter in several configurations, including\nNode built from source as well as installed via MacPorts and Homebrew).\nIf you find it doesn\'t work for you, please file a bug (see below).\n\nIt has been tested on Windows by [SLaks](https://github.com/SLaks).  (see additional installation requirements)\n\n\nBuilding and Installing\n-----------------------\n\n```shell\nnpm install ursa\n```\n\nOr grab the source and\n\n```shell\nnpm install\n```\n\nTesting\n-------\n\n```shell\nnpm test\n```\n\nOr\n\n```shell\nnode ./test/test.js\n```\n\nOn Windows, you\'ll need to install some dependencies first:\n - [node-gyp](https://github.com/TooTallNate/node-gyp/) (`npm install -g node-gyp`)\n   - [Python 2.7](http://www.python.org/download/releases/2.7.3#download) (not 3.3)\n   - Vistual Studio 2010 or higher (including Express editions)\n     - Windows XP/Vista/7:\n        - Microsoft Visual Studio C++ 2010 ([Express](http://go.microsoft.com/?linkid=9709949) version works well)\n        - For 64-bit builds of node and native modules you will _**also**_ need the [Windows 7 64-bit SDK](http://www.microsoft.com/en-us/download/details.aspx?id=8279)\n        - If you get errors that the 64-bit compilers are not installed you may also need the [compiler update for the Windows SDK 7.1](http://www.microsoft.com/en-us/download/details.aspx?id=4422)\n     - Windows 8:\n        - Microsoft Visual Studio C++ 2012 for Windows Desktop ([Express](http://go.microsoft.com/?linkid=9816758) version works well)\n - [OpenSSL](http://slproweb.com/products/Win32OpenSSL.html) (normal, not light)\nin the same bitness as your Node.js installation.\n  - The build script looks for OpenSSL in the default install directory  \n  (`C:\\OpenSSL-Win32` or `C:\\OpenSSL-Win64`)\n  - If you get `Error: The specified module could not be found.`, copy `libeay32.dll` from the OpenSSL bin directory to this module\'s bin directory, or to Windows\\System3.\n\nUsage\n-----\n\nThis library aims to be convenient to use, allowing one to pass in and\nget back regular string objects. However, it is also meant to be reasonably\neasy to use efficiently, allowing one to pass in and get back Buffer\nobjects. Using Buffers is always the more efficient option.\n\nAll methods that can deal with strings take one or more arguments indicating\nthe encoding to use when interpreting an argument or generating a result.\nThese are limited to the usual encoding names that are valid for use with\nBuffers: `base64` `binary` `hex` and `utf8`. If an encoding is left undefined\nand the argument is a string, then the encoding is *always* assumed to be\n`utf8`. If an argument is a Buffer, then the encoding (if defined at all)\nis ignored. An undefined output encoding is *always* interpreted as a request\nfor a Buffer result.\n\nThe library knows how to read and output PEM format files for both\npublic and private keys, and it can generate new private keys (aka\nkeypairs).\n\nThe usual public-encryption / private-decryption operations by default\nuse padding mode `RSA_PKCS1_OAEP_PADDING`, which is the recommended\nmode for all new applications (as of this writing). Note that this mode\nbuilds-in a random element into every encryption operation, making it\nunnecessary to waste time or effort adding randomness in at a higher layer.\nThis default may be overridden to use the older mode `RSA_PKCS1_PADDING`\nif needed.\n\nThe less well-understood private-encryption / public-decryption operations\n(used for building signature mechanisms) are always done using padding\nmode `RSA_PKCS1_PADDING`. This doesn\'t build in any randomness (but that\'s\nnot usually a problem for applications that use these operations).\n\nSee the doc comments and tests for the excruciating details, but here\'s\na quick rundown of the available top-level exports and instance methods:\n\nTop-Level Exports\n-----------------\n\n### ursa.createPrivateKey(pem, password, encoding)\n\nCreate and return a private key (aka a keypair) read in from the given\nPEM-format file.  If defined, the given password is used to decrypt\nthe PEM file.\n\nThe encoding, if specified, applies to both other arguments.\n\nSee "Public Key Methods" below for more details.\n\n### ursa.assertKey(obj)\n\nConvenient shorthand for `assert(ursa.isKey(obj))`.\n\n### ursa.assertPrivateKey(obj)\n\nConvenient shorthand for `assert(ursa.isPrivateKey(obj))`.\n\n### ursa.assertPublicKey(obj)\n\nConvenient shorthand for `assert(ursa.isPublicKey(obj))`.\n\n### ursa.coerceKey(orig)\n\nCoerce the given key value into a key object (either public or\nprivate), returning it. If given a private key object, this just\nreturns it as-is. If given a string or Buffer, it tries to parse it as\nPEM. Anything else will result in an error.\n\n### ursa.coercePrivateKey(orig)\n\nCoerce the given key value into a private key object, returning it. If\ngiven a private key object, this just returns it as-is. If given a\nstring or Buffer, it tries to parse it as PEM. Anything else will\nresult in an error.\n\n### ursa.coercePublicKey(orig)\n\nCoerce the given key value into a public key object, returning it. If\ngiven a private key object, this just returns it as-is. If given a\nstring or Buffer, it tries to parse it as PEM. Anything else will\nresult in an error.\n\n### ursa.createPublicKey(pem, encoding)\n\nCreate and return a public key read in from the given PEM-format file.\nSee "Public Key Methods" below for more details.\n\n### ursa.createSigner(algorithm)\n\nCreate and return a signer which can sign a hash generated with the named\nalgorithm (such as `"sha256"` or `"md5"`). See "Signer Methods" below\nfor more details.\n\nThis function is similar to `crypto.createSign()`, except this function\ntakes a hash algorithm name (e.g., `"sha256"`) and not a crypto+hash name\ncombination (e.g., `"RSA-SHA256"`).\n\n### ursa.createVerifier(algorithm)\n\nCreate and return a verifier which can verify a hash generated with the\nnamed algorithm (such as `"sha256"` or `"md5"`). See "Verifier Methods" below\nfor more details.\n\nThis function is similar to `crypto.createVerify()`, except this function\ntakes a hash algorithm name (e.g., `"sha256"`) and not a crypto+hash name\ncombination (e.g., `"RSA-SHA256"`).\n\n### ursa.equalKeys(key1, key2)\n\nThis returns `true` if and only if both arguments are key objects of\nthe same type (public or private) and their contents match.\n\n### ursa.generatePrivateKey(modulusBits, exponent)\n\nCreate and return a freshly-generated private key (aka a keypair).\nThe first argument indicates the number of bits in the modulus (1024\nor more is generally considered secure). The second argument indicates\nthe exponent value, which must be odd (65537 is the typical value; 3\nand 17 are also common).  Both arguments are optional and default to\n2048 and 65537 (respectively).\n\nThis method will throw if `modulusBits` is less than `512` (because\nit\'s pretty crazy to want a key with that few bits) or if `exponent`\nis even (because RSA only works for odd exponents).\n\nUsing the command-line `openssl` tool, this operation is\nequivalent to:\n\n```shell\nopenssl genrsa -out key-name.pem <modulusBits>\n```\n\nfor exponent 65537, or for exponent 3 with the additional option\n`-3`. (That tool doesn\'t support other exponents.)\n\n### ursa.isKey(obj)\n\nReturn `true` if the given object is a key object (public or private) that\nwas created by this module. Return `false` if not.\n\n### ursa.isPrivateKey(obj)\n\nReturn `true` if the given object is a private key object that\nwas created by this module. Return `false` if not.\n\n### ursa.isPublicKey(obj)\n\nReturn `true` if the given object is a public key object that\nwas created by this module. Return `false` if not.\n\nNote that, even though all the public key operations work on private\nkeys, this function only returns true if the given object is a\npublic key, per se.\n\n### ursa.matchingPublicKeys(key1, key2)\n\nThis returns `true` if and only if both arguments are key objects of\nsome sort (either can be public or private, and they don\'t have to\nbe the same) and their public aspects match each other.\n\n### ursa.sshFingerprint(sshKey, sshEncoding, outEncoding)\n\nReturn the SSH-style public key fingerprint of the given SSH-format\npublic key (which was, perhaps, the result of a call to\n`toPublicSsh()` on a key object).\n\nThis is no more and no less than an MD5 hash of the given SSH-format\npublic key. This function doesn\'t actually check to see if the given\nkey is valid (garbage in, garbage out).\n\nUsing the command-line `ssh-keygen` tool, this operation is\nequivalent to:\n\n```shell\nssh-keygen -l -f key-name.sshpub\n```\n\nThis operation is also equivalent to this:\n\n```shell\ncat key-name.sshpub | awk \'{print $2}\' | base64 --decode | md5\n```\n\nPublic Key Methods\n------------------\n\nThese are all the methods available on public keys. These methods are\n*also* available on private keys (since private keys have all the\nunderlying data necessary to perform the public-side operations).\n\n### encrypt(buf, bufEncoding, outEncoding, padding)\n\nThis performs the "public encrypt" operation on the given buffer. The\nresult is always a byte sequence that is the same size as the key\nassociated with the instance. (For example, if the key is 2048 bits,\nthen the result of this operation will be 2048 bits, aka 256 bytes.)\n\nThe input buffer is limited to be no larger than the key size\nminus 41 bytes.\n\nIf no padding mode is specified, the default, and recommended, mode\nis `ursa.RSA_PKCS1_OAEP_PADDING`. The mode\n`ursa.RSA_PKCS1_PADDING` is also supported.\n\n### getExponent(encoding)\n\nGet the public exponent as an unsigned big-endian byte sequence.\n\n### getModulus(encoding)\n\nGet the public modulus as an unsigned big-endian byte sequence.\n\n### hashAndVerify(algorithm, buf, sig, encoding)\n\nThis is a friendly wrapper for verifying signatures. The given buffer\nis hashed using the named algorithm, and the result is verified\nagainst the given signature. This returns `true` if the hash and\nsignature match and the signature was produced by the appropriate\nprivate key. This returns `false` if the signature is a valid signature\n(structurally) but doesn\'t match. This throws an exception in other\ncases.\n\nThe encoding, if specified, applies to both buffer-like arguments. The\nalgorithm must always be a string.\n\n### publicDecrypt(buf, bufEncoding, outEncoding)\n\nThis performs the "public decrypt" operation on the given buffer. The\nresult is always a byte sequence that is no more than the size of the\nkey associated with the instance. (For example, if the key is 2048\nbits, then the result of this operation will be no more than 2048\nbits, aka 256 bytes.)\n\nThis operation is always performed using padding mode\n`RSA_PKCS1_PADDING`.\n\n### toPublicPem(encoding)\n\nThis converts the public key data into a PEM-format file.\n\n### toPublicSsh(encoding)\n\nThis converts the public key data into an SSH-format file. This is the\nfile format one finds in SSH\'s `authorized_keys` and `known_hosts` files.\nWhen used in such files, the contents are base64-encoded and prefixed with\nthe label `ssh-rsa`. Depending on context, the line a key appears on may\nalso have a host name prefix (in `known_hosts`) or comment suffix\n(in `authorized_keys`).\n\nUsing the command-line `ssh-keygen` tool, this operation is equivalent to:\n\n```shell\nssh-keygen -y -f key-name.pem > key-name.sshpub\n```\n\n### toPublicSshFingerprint(encoding)\n\nReturn the SSH-style public key fingerprint of this key. See\n`ursa.sshFingerprint()`, above, for more details.\n\n### verify(algorithm, hash, sig, encoding)\n\nThis performs an RSA public-verify on the given hash buffer, which\nshould be the result of performing the hash operation named by\nthe algorithm (such as `"sha256"` or `"md5"`) on some data. The\nsignature buffer is checked to see if it contains a private-signed\nstatement of the algorithm and hash. The method returns `true` if\nthe signature and hash match, or `false` if the signature and hash\ndon\'t match but the signature is at least a valid signature of\nsome sort. In any other situation, this throws an exception.\n\nThe encoding, if specified, applies to both buffer-like arguments. The\nalgorithm must always be a string.\n\nThis method is the underlying one used as part of the implementation\nof the higher-level and much friendlier `ursa.createVerifier()` and\n`hashAndVerify()`.\n\n### ununseal(ununsealer)\n\nThis is an internal method that is used in the implementation of\n`ursa.isKey()` `ursa.isPrivateKey()` `ursa.isPublicKey()` and\nassociated assertion functions. When called externally, it will\nalways return `undefined`.\n\n\nPrivate Key Methods\n-------------------\n\nThese are the methods available on private keys, above and beyond\nwhat is available for public keys.\n\n### decrypt(buf, bufEncoding, outEncoding, padding)\n\nThis performs the "private decrypt" operation on the given buffer. The\nresult is always a byte sequence that is no more than the size of the\nkey associated with the instance. (For example, if the key is 2048\nbits, then the result of this operation will be no more than 2048\nbits, aka 256 bytes.)\n\nIf no padding mode is specified, the default, and recommended, mode\nis `ursa.RSA_PKCS1_OAEP_PADDING`. The mode\n`ursa.RSA_PKCS1_PADDING` is also supported.\n\n### hashAndSign(algorithm, buf, bufEncoding, outEncoding)\n\nThis is a friendly wrapper for producing signatures. The given buffer\nis hashed using the named algorithm, and the result is signed using\nthe private key held by this instance. The return value of this method\nis the signature.\n\n### privateEncrypt(buf, bufEncoding, outEncoding)\n\nThis performs the "private encrypt" operation on the given buffer. The\nresult is always a byte sequence that is the same size as the key\nassociated with the instance. (For example, if the key is 2048 bits,\nthen the result of this operation will be 2048 bits, aka 256 bytes.)\n\nThe input buffer is limited to be no larger than the key size\nminus 12 bytes.\n\nThis operation is always performed using padding mode\n`RSA_PKCS1_PADDING`.\n\n### sign(algorithm, hash, hashEncoding, outEncoding)\n\nThis performs an RSA private-sign on the given hash buffer, which\nshould be the result of performing the hash operation named by\nthe algorithm (such as `"sha256"` or `"md5"`) on some data. The\nresult of this operation may later be passed to `verify()` on the\ncorresponding public key.\n\nThis method is the underlying one used as part of the implementation\nof the higher-level and much friendlier `ursa.createSigner()` and\n`hashAndSign()`.\n\n### toPrivatePem(encoding)\n\nThis converts the private key data into a PEM-format file. The result\nis not encrypted, so it behooves the user of this method to take care\nwith the result if the key is sensitive from a security standpoint,\nwhich is often the case with such things. (YMMV of course.)\n\n\nSigner Methods\n--------------\n\nThese are the methods available on signer objects, which are returned\nby `ursa.createSigner()`. These are similar to the objects returned\nfrom `crypto.createSign()`.\n\n### update(buf, bufEncoding)\n\nUpdate the hash in-progress with the given data.\n\n### sign(privateKey, outEncoding)\n\nGet the final hash of the data, and sign it using the private key. The\nreturn value is the signature, suitable for later verification.\n\n\nVerifier Methods\n----------------\n\nThese are the methods available on verifier objects, which are returned\nby `ursa.createVerifier()`. These are similar to the objects returned\nfrom `crypto.createVerify()`.\n\n### update(buf, bufEncoding)\n\nUpdate the hash in-progress with the given data.\n\n### verify(publicKey, sig, sigEncoding)\n\nGet the final hash of the data, and verify that the given signature\nboth matches it and was produced by the private key corresponding to\nthe given public key.\n\nThis returns `true` if the signature and hash match appropriately,\nor `false` if the signature appears to be generally valid (e.g.\nstructurally) yet doesn\'t match. This throws an exception in all\nother cases.\n\n\nConstants\n---------\n\nAllowed padding modes for public encryption and\nprivate decryption:\n\n* `ursa.RSA_PKCS1_PADDING`\n* `ursa.RSA_PKCS1_OAEP_PADDING`\n\n\nContributing\n------------\n\nQuestions, comments, bug reports, and pull requests are all welcome.\nSubmit them at [the project on GitHub](https://github.com/Obvious/ursa/).\n\nBug reports that include steps-to-reproduce (including code) are the\nbest. Even better, make them in the form of pull requests that update\nthe test suite. Thanks!\n\n\nAuthors\n-------\n\n[Dan Bornstein](https://github.com/danfuzz)\n([personal website](http://www.milk.com/)), supported by\n[The Obvious Corporation](http://obvious.com/).\n\nWith contribution from:\n\n* [Tyler Neylon](https://github.com/tylerneylon)\n\nWith thanks to:\n\n* [node-rsa](https://github.com/chrisa/node-rsa) by Chris Andrews,\n  for inspiration\n\n\nLicense\n-------\n\nCopyright 2012 [The Obvious Corporation](http://obvious.com/).\n\nLicensed under the Apache License, Version 2.0. \nSee the top-level file `LICENSE.txt` and\n(http://www.apache.org/licenses/LICENSE-2.0).\n',
269 silly resolved     _id: 'ursa@0.8.0',
269 silly resolved     dist:
269 silly resolved      { shasum: '05d69d05c9e217025e3d10231b4f7848ecc82356',
269 silly resolved        tarball: 'http://registry.npmjs.org/ursa/-/ursa-0.8.0.tgz' },
269 silly resolved     _npmVersion: '1.1.63',
269 silly resolved     _npmUser: { name: 'danfuzz', email: 'danfuzz@milk.com' },
269 silly resolved     directories: {},
269 silly resolved     _shasum: '05d69d05c9e217025e3d10231b4f7848ecc82356',
269 silly resolved     _from: 'ursa@~0.8.0',
269 silly resolved     _resolved: 'https://registry.npmjs.org/ursa/-/ursa-0.8.0.tgz' },
269 silly resolved   { name: 'yargs',
269 silly resolved     version: '1.2.6',
269 silly resolved     description: 'Light-weight option parsing with an argv hash. No optstrings attached.',
269 silly resolved     main: './index.js',
269 silly resolved     dependencies: { minimist: '^0.1.0' },
269 silly resolved     devDependencies: { hashish: '*', mocha: '*', chai: '*' },
269 silly resolved     scripts: { test: 'mocha -R nyan' },
269 silly resolved     repository: { type: 'git', url: 'http://github.com/chevex/yargs.git' },
269 silly resolved     keywords:
269 silly resolved      [ 'argument',
269 silly resolved        'args',
269 silly resolved        'option',
269 silly resolved        'parser',
269 silly resolved        'parsing',
269 silly resolved        'cli',
269 silly resolved        'command' ],
269 silly resolved     author:
269 silly resolved      { name: 'Alex Ford',
269 silly resolved        email: 'Alex.Ford@CodeTunnel.com',
269 silly resolved        url: 'http://CodeTunnel.com' },
269 silly resolved     license: 'MIT/X11',
269 silly resolved     engine: { node: '>=0.4' },
269 silly resolved     gitHead: 'ed1216f75be676bf5cbd7f26daf7ea4a2cb4a208',
269 silly resolved     bugs: { url: 'https://github.com/chevex/yargs/issues' },
269 silly resolved     homepage: 'https://github.com/chevex/yargs',
269 silly resolved     _id: 'yargs@1.2.6',
269 silly resolved     _shasum: '9c7b4a82fd5d595b2bf17ab6dcc43135432fe34b',
269 silly resolved     _from: 'yargs@~1.2.2',
269 silly resolved     _npmVersion: '1.4.14',
269 silly resolved     _npmUser: { name: 'chevex', email: 'alex.ford@codetunnel.com' },
269 silly resolved     maintainers: [ [Object] ],
269 silly resolved     dist:
269 silly resolved      { shasum: '9c7b4a82fd5d595b2bf17ab6dcc43135432fe34b',
269 silly resolved        tarball: 'http://registry.npmjs.org/yargs/-/yargs-1.2.6.tgz' },
269 silly resolved     directories: {},
269 silly resolved     _resolved: 'https://registry.npmjs.org/yargs/-/yargs-1.2.6.tgz' },
269 silly resolved   { name: 'travis-ci',
269 silly resolved     version: '1.0.1',
269 silly resolved     description: 'node library to access the Travis-CI API',
269 silly resolved     main: 'lib/travis-ci',
269 silly resolved     bin: { 'travis-ci': './bin/travis-ci.js' },
269 silly resolved     repository:
269 silly resolved      { type: 'git',
269 silly resolved        url: 'git://github.com/pwmckenna/node-travis-ci.git' },
269 silly resolved     keywords:
269 silly resolved      [ 'travis-ci',
269 silly resolved        'travis',
269 silly resolved        'travisci',
269 silly resolved        'ci',
269 silly resolved        'continuous',
269 silly resolved        'integration',
269 silly resolved        'api' ],
269 silly resolved     author: { name: 'Patrick Williams', email: 'pwmckenna@gmail.com' },
269 silly resolved     license: 'BSD',
269 silly resolved     homepage: 'https://github.com/pwmckenna/node-travis-ci',
269 silly resolved     bugs: { url: 'https://github.com/pwmckenna/node-travis-ci/issues' },
269 silly resolved     dependencies:
269 silly resolved      { lodash: '~1.3.1',
269 silly resolved        request: '~2.22.0',
269 silly resolved        'underscore.string': '~2.2.0rc',
269 silly resolved        github: '~0.1.10' },
269 silly resolved     devDependencies:
269 silly resolved      { 'grunt-env': '~0.4.0',
269 silly resolved        'grunt-contrib-jshint': '~0.6.0',
269 silly resolved        grunt: '~0.4.1',
269 silly resolved        mocha: '~1.12.0',
269 silly resolved        'grunt-mocha-test': '~0.5.0',
269 silly resolved        matchdep: '~0.1.2',
269 silly resolved        should: '~1.2.2',
269 silly resolved        'grunt-cli': '~0.1.9' },
269 silly resolved     _id: 'travis-ci@1.0.1',
269 silly resolved     dist:
269 silly resolved      { shasum: '736320d9d2cec0fa8a010b2ba00c8a75b1c81e5e',
269 silly resolved        tarball: 'http://registry.npmjs.org/travis-ci/-/travis-ci-1.0.1.tgz' },
269 silly resolved     _from: 'travis-ci@~1.0.0',
269 silly resolved     _npmVersion: '1.2.21',
269 silly resolved     _npmUser: { name: 'pwmckenna', email: 'pwmckenna@gmail.com' },
269 silly resolved     maintainers: [ [Object] ],
269 silly resolved     directories: {},
269 silly resolved     _shasum: '736320d9d2cec0fa8a010b2ba00c8a75b1c81e5e',
269 silly resolved     _resolved: 'https://registry.npmjs.org/travis-ci/-/travis-ci-1.0.1.tgz' } ]
270 info install colors@0.6.2 into C:\Users\Lucy Allen\AppData\Roaming\npm\node_modules\travis-encrypt
271 info install split@0.3.0 into C:\Users\Lucy Allen\AppData\Roaming\npm\node_modules\travis-encrypt
272 info install ursa@0.8.0 into C:\Users\Lucy Allen\AppData\Roaming\npm\node_modules\travis-encrypt
273 info install yargs@1.2.6 into C:\Users\Lucy Allen\AppData\Roaming\npm\node_modules\travis-encrypt
274 info install travis-ci@1.0.1 into C:\Users\Lucy Allen\AppData\Roaming\npm\node_modules\travis-encrypt
275 info installOne colors@0.6.2
276 info installOne split@0.3.0
277 info installOne ursa@0.8.0
278 info installOne yargs@1.2.6
279 info installOne travis-ci@1.0.1
280 verbose node_modules\travis-encrypt\node_modules\colors unbuild
281 verbose node_modules\travis-encrypt\node_modules\split unbuild
282 verbose node_modules\travis-encrypt\node_modules\ursa unbuild
283 verbose node_modules\travis-encrypt\node_modules\yargs unbuild
284 verbose node_modules\travis-encrypt\node_modules\travis-ci unbuild
285 verbose tar unpack C:\Users\Lucy Allen\AppData\Roaming\npm-cache\colors\0.6.2\package.tgz
286 silly lockFile d525382d-avis-encrypt-node-modules-colors tar://C:\Users\Lucy Allen\AppData\Roaming\npm\node_modules\travis-encrypt\node_modules\colors
287 verbose lock tar://C:\Users\Lucy Allen\AppData\Roaming\npm\node_modules\travis-encrypt\node_modules\colors C:\Users\Lucy Allen\AppData\Roaming\npm-cache\d525382d-avis-encrypt-node-modules-colors.lock
288 silly lockFile 0aa3a8af-m-cache-colors-0-6-2-package-tgz tar://C:\Users\Lucy Allen\AppData\Roaming\npm-cache\colors\0.6.2\package.tgz
289 verbose lock tar://C:\Users\Lucy Allen\AppData\Roaming\npm-cache\colors\0.6.2\package.tgz C:\Users\Lucy Allen\AppData\Roaming\npm-cache\0aa3a8af-m-cache-colors-0-6-2-package-tgz.lock
290 verbose tar unpack C:\Users\Lucy Allen\AppData\Roaming\npm-cache\split\0.3.0\package.tgz
291 silly lockFile c37f5c6a-ravis-encrypt-node-modules-split tar://C:\Users\Lucy Allen\AppData\Roaming\npm\node_modules\travis-encrypt\node_modules\split
292 verbose lock tar://C:\Users\Lucy Allen\AppData\Roaming\npm\node_modules\travis-encrypt\node_modules\split C:\Users\Lucy Allen\AppData\Roaming\npm-cache\c37f5c6a-ravis-encrypt-node-modules-split.lock
293 silly lockFile 9e846e96-pm-cache-split-0-3-0-package-tgz tar://C:\Users\Lucy Allen\AppData\Roaming\npm-cache\split\0.3.0\package.tgz
294 verbose lock tar://C:\Users\Lucy Allen\AppData\Roaming\npm-cache\split\0.3.0\package.tgz C:\Users\Lucy Allen\AppData\Roaming\npm-cache\9e846e96-pm-cache-split-0-3-0-package-tgz.lock
295 verbose tar unpack C:\Users\Lucy Allen\AppData\Roaming\npm-cache\ursa\0.8.0\package.tgz
296 silly lockFile 5711f664-travis-encrypt-node-modules-ursa tar://C:\Users\Lucy Allen\AppData\Roaming\npm\node_modules\travis-encrypt\node_modules\ursa
297 verbose lock tar://C:\Users\Lucy Allen\AppData\Roaming\npm\node_modules\travis-encrypt\node_modules\ursa C:\Users\Lucy Allen\AppData\Roaming\npm-cache\5711f664-travis-encrypt-node-modules-ursa.lock
298 silly lockFile 829530ce-npm-cache-ursa-0-8-0-package-tgz tar://C:\Users\Lucy Allen\AppData\Roaming\npm-cache\ursa\0.8.0\package.tgz
299 verbose lock tar://C:\Users\Lucy Allen\AppData\Roaming\npm-cache\ursa\0.8.0\package.tgz C:\Users\Lucy Allen\AppData\Roaming\npm-cache\829530ce-npm-cache-ursa-0-8-0-package-tgz.lock
300 verbose tar unpack C:\Users\Lucy Allen\AppData\Roaming\npm-cache\yargs\1.2.6\package.tgz
301 silly lockFile 01013213-ravis-encrypt-node-modules-yargs tar://C:\Users\Lucy Allen\AppData\Roaming\npm\node_modules\travis-encrypt\node_modules\yargs
302 verbose lock tar://C:\Users\Lucy Allen\AppData\Roaming\npm\node_modules\travis-encrypt\node_modules\yargs C:\Users\Lucy Allen\AppData\Roaming\npm-cache\01013213-ravis-encrypt-node-modules-yargs.lock
303 silly lockFile 1322920b-pm-cache-yargs-1-2-6-package-tgz tar://C:\Users\Lucy Allen\AppData\Roaming\npm-cache\yargs\1.2.6\package.tgz
304 verbose lock tar://C:\Users\Lucy Allen\AppData\Roaming\npm-cache\yargs\1.2.6\package.tgz C:\Users\Lucy Allen\AppData\Roaming\npm-cache\1322920b-pm-cache-yargs-1-2-6-package-tgz.lock
305 verbose tar unpack C:\Users\Lucy Allen\AppData\Roaming\npm-cache\travis-ci\1.0.1\package.tgz
306 silly lockFile 0e66400d-s-encrypt-node-modules-travis-ci tar://C:\Users\Lucy Allen\AppData\Roaming\npm\node_modules\travis-encrypt\node_modules\travis-ci
307 verbose lock tar://C:\Users\Lucy Allen\AppData\Roaming\npm\node_modules\travis-encrypt\node_modules\travis-ci C:\Users\Lucy Allen\AppData\Roaming\npm-cache\0e66400d-s-encrypt-node-modules-travis-ci.lock
308 silly lockFile 23af3681-ache-travis-ci-1-0-1-package-tgz tar://C:\Users\Lucy Allen\AppData\Roaming\npm-cache\travis-ci\1.0.1\package.tgz
309 verbose lock tar://C:\Users\Lucy Allen\AppData\Roaming\npm-cache\travis-ci\1.0.1\package.tgz C:\Users\Lucy Allen\AppData\Roaming\npm-cache\23af3681-ache-travis-ci-1-0-1-package-tgz.lock
310 silly gunzTarPerm modes [ '777', '666' ]
311 silly gunzTarPerm modes [ '777', '666' ]
312 silly gunzTarPerm modes [ '777', '666' ]
313 silly gunzTarPerm modes [ '777', '666' ]
314 silly gunzTarPerm modes [ '777', '666' ]
315 silly gunzTarPerm extractEntry package.json
316 silly gunzTarPerm modified mode [ 'package.json', 420, 438 ]
317 silly gunzTarPerm extractEntry package.json
318 silly gunzTarPerm modified mode [ 'package.json', 420, 438 ]
319 silly gunzTarPerm extractEntry package.json
320 silly gunzTarPerm modified mode [ 'package.json', 420, 438 ]
321 silly gunzTarPerm extractEntry package.json
322 silly gunzTarPerm modified mode [ 'package.json', 420, 438 ]
323 silly gunzTarPerm extractEntry package.json
324 silly gunzTarPerm modified mode [ 'package.json', 420, 438 ]
325 silly gunzTarPerm extractEntry colors.js
326 silly gunzTarPerm modified mode [ 'colors.js', 420, 438 ]
327 silly gunzTarPerm extractEntry example.js
328 silly gunzTarPerm modified mode [ 'example.js', 420, 438 ]
329 silly gunzTarPerm extractEntry .npmignore
330 silly gunzTarPerm modified mode [ '.npmignore', 420, 438 ]
331 silly gunzTarPerm extractEntry README.md
332 silly gunzTarPerm modified mode [ 'README.md', 420, 438 ]
333 silly gunzTarPerm extractEntry .npmignore
334 silly gunzTarPerm modified mode [ '.npmignore', 420, 438 ]
335 silly gunzTarPerm extractEntry LICENCE
336 silly gunzTarPerm modified mode [ 'LICENCE', 420, 438 ]
337 silly gunzTarPerm extractEntry .npmignore
338 silly gunzTarPerm modified mode [ '.npmignore', 420, 438 ]
339 silly gunzTarPerm extractEntry README.md
340 silly gunzTarPerm modified mode [ 'README.md', 420, 438 ]
341 silly gunzTarPerm extractEntry .npmignore
342 silly gunzTarPerm modified mode [ '.npmignore', 420, 438 ]
343 silly gunzTarPerm extractEntry README.md
344 silly gunzTarPerm modified mode [ 'README.md', 420, 438 ]
345 silly gunzTarPerm extractEntry test.js
346 silly gunzTarPerm modified mode [ 'test.js', 420, 438 ]
347 silly gunzTarPerm extractEntry MIT-LICENSE.txt
348 silly gunzTarPerm modified mode [ 'MIT-LICENSE.txt', 420, 438 ]
349 silly gunzTarPerm extractEntry ReadMe.md
350 silly gunzTarPerm modified mode [ 'ReadMe.md', 420, 438 ]
351 silly gunzTarPerm extractEntry example.html
352 silly gunzTarPerm modified mode [ 'example.html', 420, 438 ]
353 silly gunzTarPerm extractEntry themes/winston-dark.js
354 silly gunzTarPerm modified mode [ 'themes/winston-dark.js', 420, 438 ]
355 silly gunzTarPerm extractEntry themes/winston-light.js
356 silly gunzTarPerm modified mode [ 'themes/winston-light.js', 420, 438 ]
357 silly gunzTarPerm extractEntry index.js
358 silly gunzTarPerm modified mode [ 'index.js', 420, 438 ]
359 silly gunzTarPerm extractEntry .travis.yml
360 silly gunzTarPerm modified mode [ '.travis.yml', 420, 438 ]
361 silly gunzTarPerm extractEntry api/v2.0.0/routes.json
362 silly gunzTarPerm modified mode [ 'api/v2.0.0/routes.json', 420, 438 ]
363 silly gunzTarPerm extractEntry bin/travis-ci.js
364 silly gunzTarPerm modified mode [ 'bin/travis-ci.js', 493, 511 ]
365 silly gunzTarPerm extractEntry lib/travis-ci.js
366 silly gunzTarPerm modified mode [ 'lib/travis-ci.js', 420, 438 ]
367 silly gunzTarPerm extractEntry lib/travis-http.js
368 silly gunzTarPerm modified mode [ 'lib/travis-http.js', 420, 438 ]
369 silly gunzTarPerm extractEntry install.js
370 silly gunzTarPerm modified mode [ 'install.js', 420, 438 ]
371 silly gunzTarPerm extractEntry LICENSE
372 silly gunzTarPerm modified mode [ 'LICENSE', 420, 438 ]
373 silly gunzTarPerm extractEntry examples/pretty.js
374 silly gunzTarPerm modified mode [ 'examples/pretty.js', 420, 438 ]
375 silly gunzTarPerm extractEntry readme.markdown
376 silly gunzTarPerm modified mode [ 'readme.markdown', 420, 438 ]
377 silly gunzTarPerm extractEntry binding.gyp
378 silly gunzTarPerm modified mode [ 'binding.gyp', 420, 438 ]
379 silly gunzTarPerm extractEntry lib/ursa.js
380 silly gunzTarPerm modified mode [ 'lib/ursa.js', 420, 438 ]
381 silly gunzTarPerm extractEntry index.js
382 silly gunzTarPerm modified mode [ 'index.js', 420, 438 ]
383 silly gunzTarPerm extractEntry test/whitespace.js
384 silly gunzTarPerm modified mode [ 'test/whitespace.js', 420, 438 ]
385 silly gunzTarPerm extractEntry test/options.asynct.js
386 silly gunzTarPerm modified mode [ 'test/options.asynct.js', 420, 438 ]
387 silly gunzTarPerm extractEntry test/partitioned_unicode.js
388 silly gunzTarPerm modified mode [ 'test/partitioned_unicode.js', 420, 438 ]
389 silly gunzTarPerm extractEntry test/split.asynct.js
390 silly gunzTarPerm modified mode [ 'test/split.asynct.js', 420, 438 ]
391 silly gunzTarPerm extractEntry test/try_catch.asynct.js
392 silly gunzTarPerm modified mode [ 'test/try_catch.asynct.js', 420, 438 ]
393 silly gunzTarPerm extractEntry test/usage.js
394 silly gunzTarPerm modified mode [ 'test/usage.js', 420, 438 ]
395 silly gunzTarPerm extractEntry test/count.js
396 silly gunzTarPerm modified mode [ 'test/count.js', 420, 438 ]
397 silly gunzTarPerm extractEntry LICENSE.txt
398 silly gunzTarPerm modified mode [ 'LICENSE.txt', 420, 438 ]
399 silly gunzTarPerm extractEntry src/asprintf.cc
400 silly gunzTarPerm modified mode [ 'src/asprintf.cc', 420, 438 ]
401 silly lockFile d525382d-avis-encrypt-node-modules-colors tar://C:\Users\Lucy Allen\AppData\Roaming\npm\node_modules\travis-encrypt\node_modules\colors
402 silly lockFile d525382d-avis-encrypt-node-modules-colors tar://C:\Users\Lucy Allen\AppData\Roaming\npm\node_modules\travis-encrypt\node_modules\colors
403 silly lockFile 0aa3a8af-m-cache-colors-0-6-2-package-tgz tar://C:\Users\Lucy Allen\AppData\Roaming\npm-cache\colors\0.6.2\package.tgz
404 silly lockFile 0aa3a8af-m-cache-colors-0-6-2-package-tgz tar://C:\Users\Lucy Allen\AppData\Roaming\npm-cache\colors\0.6.2\package.tgz
405 info preinstall colors@0.6.2
406 verbose readDependencies using package.json deps
407 verbose readDependencies using package.json deps
408 silly resolved []
409 verbose about to build C:\Users\Lucy Allen\AppData\Roaming\npm\node_modules\travis-encrypt\node_modules\colors
410 info build C:\Users\Lucy Allen\AppData\Roaming\npm\node_modules\travis-encrypt\node_modules\colors
411 verbose linkStuff [ true,
411 verbose linkStuff   'C:\\Users\\Lucy Allen\\AppData\\Roaming\\npm\\node_modules',
411 verbose linkStuff   false,
411 verbose linkStuff   'C:\\Users\\Lucy Allen\\AppData\\Roaming\\npm\\node_modules\\travis-encrypt\\node_modules' ]
412 info linkStuff colors@0.6.2
413 silly lockFile 0e66400d-s-encrypt-node-modules-travis-ci tar://C:\Users\Lucy Allen\AppData\Roaming\npm\node_modules\travis-encrypt\node_modules\travis-ci
414 silly lockFile 0e66400d-s-encrypt-node-modules-travis-ci tar://C:\Users\Lucy Allen\AppData\Roaming\npm\node_modules\travis-encrypt\node_modules\travis-ci
415 silly lockFile 23af3681-ache-travis-ci-1-0-1-package-tgz tar://C:\Users\Lucy Allen\AppData\Roaming\npm-cache\travis-ci\1.0.1\package.tgz
416 silly lockFile 23af3681-ache-travis-ci-1-0-1-package-tgz tar://C:\Users\Lucy Allen\AppData\Roaming\npm-cache\travis-ci\1.0.1\package.tgz
417 verbose linkBins colors@0.6.2
418 verbose linkMans colors@0.6.2
419 verbose rebuildBundles colors@0.6.2
420 info install colors@0.6.2
421 info preinstall travis-ci@1.0.1
422 info postinstall colors@0.6.2
423 verbose readDependencies using package.json deps
424 verbose readDependencies using package.json deps
425 verbose cache add [ 'lodash@~1.3.1', null ]
426 verbose cache add name=undefined spec="lodash@~1.3.1" args=["lodash@~1.3.1",null]
427 verbose parsed url { protocol: null,
427 verbose parsed url   slashes: null,
427 verbose parsed url   auth: null,
427 verbose parsed url   host: null,
427 verbose parsed url   port: null,
427 verbose parsed url   hostname: null,
427 verbose parsed url   hash: null,
427 verbose parsed url   search: null,
427 verbose parsed url   query: null,
427 verbose parsed url   pathname: 'lodash@~1.3.1',
427 verbose parsed url   path: 'lodash@~1.3.1',
427 verbose parsed url   href: 'lodash@~1.3.1' }
428 verbose cache add [ 'request@~2.22.0', null ]
429 verbose cache add name=undefined spec="request@~2.22.0" args=["request@~2.22.0",null]
430 verbose parsed url { protocol: null,
430 verbose parsed url   slashes: null,
430 verbose parsed url   auth: null,
430 verbose parsed url   host: null,
430 verbose parsed url   port: null,
430 verbose parsed url   hostname: null,
430 verbose parsed url   hash: null,
430 verbose parsed url   search: null,
430 verbose parsed url   query: null,
430 verbose parsed url   pathname: 'request@~2.22.0',
430 verbose parsed url   path: 'request@~2.22.0',
430 verbose parsed url   href: 'request@~2.22.0' }
431 verbose cache add [ 'underscore.string@~2.2.0rc', null ]
432 verbose cache add name=undefined spec="underscore.string@~2.2.0rc" args=["underscore.string@~2.2.0rc",null]
433 verbose parsed url { protocol: null,
433 verbose parsed url   slashes: null,
433 verbose parsed url   auth: null,
433 verbose parsed url   host: null,
433 verbose parsed url   port: null,
433 verbose parsed url   hostname: null,
433 verbose parsed url   hash: null,
433 verbose parsed url   search: null,
433 verbose parsed url   query: null,
433 verbose parsed url   pathname: 'underscore.string@~2.2.0rc',
433 verbose parsed url   path: 'underscore.string@~2.2.0rc',
433 verbose parsed url   href: 'underscore.string@~2.2.0rc' }
434 verbose cache add [ 'github@~0.1.10', null ]
435 verbose cache add name=undefined spec="github@~0.1.10" args=["github@~0.1.10",null]
436 verbose parsed url { protocol: null,
436 verbose parsed url   slashes: null,
436 verbose parsed url   auth: null,
436 verbose parsed url   host: null,
436 verbose parsed url   port: null,
436 verbose parsed url   hostname: null,
436 verbose parsed url   hash: null,
436 verbose parsed url   search: null,
436 verbose parsed url   query: null,
436 verbose parsed url   pathname: 'github@~0.1.10',
436 verbose parsed url   path: 'github@~0.1.10',
436 verbose parsed url   href: 'github@~0.1.10' }
437 verbose cache add name="lodash" spec="~1.3.1" args=["lodash","~1.3.1"]
438 verbose parsed url { protocol: null,
438 verbose parsed url   slashes: null,
438 verbose parsed url   auth: null,
438 verbose parsed url   host: null,
438 verbose parsed url   port: null,
438 verbose parsed url   hostname: null,
438 verbose parsed url   hash: null,
438 verbose parsed url   search: null,
438 verbose parsed url   query: null,
438 verbose parsed url   pathname: '~1.3.1',
438 verbose parsed url   path: '~1.3.1',
438 verbose parsed url   href: '~1.3.1' }
439 verbose addNamed [ 'lodash', '~1.3.1' ]
440 verbose addNamed [ null, '>=1.3.1-0 <1.4.0-0' ]
441 silly lockFile dce26891-lodash-1-3-1 lodash@~1.3.1
442 verbose lock lodash@~1.3.1 C:\Users\Lucy Allen\AppData\Roaming\npm-cache\dce26891-lodash-1-3-1.lock
443 verbose cache add name="request" spec="~2.22.0" args=["request","~2.22.0"]
444 verbose parsed url { protocol: null,
444 verbose parsed url   slashes: null,
444 verbose parsed url   auth: null,
444 verbose parsed url   host: null,
444 verbose parsed url   port: null,
444 verbose parsed url   hostname: null,
444 verbose parsed url   hash: null,
444 verbose parsed url   search: null,
444 verbose parsed url   query: null,
444 verbose parsed url   pathname: '~2.22.0',
444 verbose parsed url   path: '~2.22.0',
444 verbose parsed url   href: '~2.22.0' }
445 verbose addNamed [ 'request', '~2.22.0' ]
446 verbose addNamed [ null, '>=2.22.0-0 <2.23.0-0' ]
447 silly lockFile 8cec77be-request-2-22-0 request@~2.22.0
448 verbose lock request@~2.22.0 C:\Users\Lucy Allen\AppData\Roaming\npm-cache\8cec77be-request-2-22-0.lock
449 verbose cache add name="underscore.string" spec="~2.2.0rc" args=["underscore.string","~2.2.0rc"]
450 verbose parsed url { protocol: null,
450 verbose parsed url   slashes: null,
450 verbose parsed url   auth: null,
450 verbose parsed url   host: null,
450 verbose parsed url   port: null,
450 verbose parsed url   hostname: null,
450 verbose parsed url   hash: null,
450 verbose parsed url   search: null,
450 verbose parsed url   query: null,
450 verbose parsed url   pathname: '~2.2.0rc',
450 verbose parsed url   path: '~2.2.0rc',
450 verbose parsed url   href: '~2.2.0rc' }
451 verbose addNamed [ 'underscore.string', '~2.2.0rc' ]
452 verbose addNamed [ null, null ]
453 silly lockFile d5a5a3c6-underscore-string-2-2-0rc underscore.string@~2.2.0rc
454 verbose lock underscore.string@~2.2.0rc C:\Users\Lucy Allen\AppData\Roaming\npm-cache\d5a5a3c6-underscore-string-2-2-0rc.lock
455 verbose cache add name="github" spec="~0.1.10" args=["github","~0.1.10"]
456 verbose parsed url { protocol: null,
456 verbose parsed url   slashes: null,
456 verbose parsed url   auth: null,
456 verbose parsed url   host: null,
456 verbose parsed url   port: null,
456 verbose parsed url   hostname: null,
456 verbose parsed url   hash: null,
456 verbose parsed url   search: null,
456 verbose parsed url   query: null,
456 verbose parsed url   pathname: '~0.1.10',
456 verbose parsed url   path: '~0.1.10',
456 verbose parsed url   href: '~0.1.10' }
457 verbose addNamed [ 'github', '~0.1.10' ]
458 verbose addNamed [ null, '>=0.1.10-0 <0.2.0-0' ]
459 silly lockFile d3f27f20-github-0-1-10 github@~0.1.10
460 verbose lock github@~0.1.10 C:\Users\Lucy Allen\AppData\Roaming\npm-cache\d3f27f20-github-0-1-10.lock
461 silly addNameRange { name: 'lodash', range: '>=1.3.1-0 <1.4.0-0', hasData: false }
462 silly addNameRange { name: 'request',
462 silly addNameRange   range: '>=2.22.0-0 <2.23.0-0',
462 silly addNameRange   hasData: false }
463 silly addNameRange { name: 'underscore.string',
463 silly addNameRange   range: '>=2.2.0-rc <2.3.0-0',
463 silly addNameRange   hasData: false }
464 verbose request where is /lodash
465 verbose request registry https://registry.npmjs.org/
466 verbose url raw /lodash
467 verbose url resolving [ 'https://registry.npmjs.org/', './lodash' ]
468 verbose url resolved https://registry.npmjs.org/lodash
469 verbose request where is https://registry.npmjs.org/lodash
470 info trying registry request attempt 1 at 11:10:53
471 http GET https://registry.npmjs.org/lodash
472 verbose request where is /request
473 verbose request registry https://registry.npmjs.org/
474 verbose url raw /request
475 verbose url resolving [ 'https://registry.npmjs.org/', './request' ]
476 verbose url resolved https://registry.npmjs.org/request
477 verbose request where is https://registry.npmjs.org/request
478 info trying registry request attempt 1 at 11:10:53
479 http GET https://registry.npmjs.org/request
480 silly addNameRange { name: 'github', range: '>=0.1.10-0 <0.2.0-0', hasData: false }
481 verbose request where is /underscore.string
482 verbose request registry https://registry.npmjs.org/
483 verbose url raw /underscore.string
484 verbose url resolving [ 'https://registry.npmjs.org/', './underscore.string' ]
485 verbose url resolved https://registry.npmjs.org/underscore.string
486 verbose request where is https://registry.npmjs.org/underscore.string
487 info trying registry request attempt 1 at 11:10:53
488 http GET https://registry.npmjs.org/underscore.string
489 silly gunzTarPerm extractEntry src/asprintf.h
490 silly gunzTarPerm modified mode [ 'src/asprintf.h', 420, 438 ]
491 silly gunzTarPerm extractEntry src/ursaNative.cc
492 silly gunzTarPerm modified mode [ 'src/ursaNative.cc', 420, 438 ]
493 silly gunzTarPerm extractEntry test/dash.js
494 silly gunzTarPerm modified mode [ 'test/dash.js', 420, 438 ]
495 silly gunzTarPerm extractEntry test/short.js
496 silly gunzTarPerm modified mode [ 'test/short.js', 420, 438 ]
497 verbose request where is /github
498 verbose request registry https://registry.npmjs.org/
499 verbose url raw /github
500 verbose url resolving [ 'https://registry.npmjs.org/', './github' ]
501 verbose url resolved https://registry.npmjs.org/github
502 verbose request where is https://registry.npmjs.org/github
503 info trying registry request attempt 1 at 11:10:53
504 http GET https://registry.npmjs.org/github
505 silly gunzTarPerm extractEntry src/ursaNative.h
506 silly gunzTarPerm modified mode [ 'src/ursaNative.h', 420, 438 ]
507 silly gunzTarPerm extractEntry test/fixture.js
508 silly gunzTarPerm modified mode [ 'test/fixture.js', 420, 438 ]
509 silly lockFile c37f5c6a-ravis-encrypt-node-modules-split tar://C:\Users\Lucy Allen\AppData\Roaming\npm\node_modules\travis-encrypt\node_modules\split
510 silly lockFile c37f5c6a-ravis-encrypt-node-modules-split tar://C:\Users\Lucy Allen\AppData\Roaming\npm\node_modules\travis-encrypt\node_modules\split
511 silly lockFile 9e846e96-pm-cache-split-0-3-0-package-tgz tar://C:\Users\Lucy Allen\AppData\Roaming\npm-cache\split\0.3.0\package.tgz
512 silly lockFile 9e846e96-pm-cache-split-0-3-0-package-tgz tar://C:\Users\Lucy Allen\AppData\Roaming\npm-cache\split\0.3.0\package.tgz
513 info preinstall split@0.3.0
514 verbose readDependencies using package.json deps
515 verbose readDependencies using package.json deps
516 silly gunzTarPerm extractEntry test/_.js
517 silly gunzTarPerm modified mode [ 'test/_.js', 420, 438 ]
518 silly gunzTarPerm extractEntry test/parse_camelCase.js
519 silly gunzTarPerm modified mode [ 'test/parse_camelCase.js', 420, 438 ]
520 verbose cache add [ 'through@2', null ]
521 verbose cache add name=undefined spec="through@2" args=["through@2",null]
522 verbose parsed url { protocol: null,
522 verbose parsed url   slashes: null,
522 verbose parsed url   auth: null,
522 verbose parsed url   host: null,
522 verbose parsed url   port: null,
522 verbose parsed url   hostname: null,
522 verbose parsed url   hash: null,
522 verbose parsed url   search: null,
522 verbose parsed url   query: null,
522 verbose parsed url   pathname: 'through@2',
522 verbose parsed url   path: 'through@2',
522 verbose parsed url   href: 'through@2' }
523 verbose cache add name="through" spec="2" args=["through","2"]
524 verbose parsed url { protocol: null,
524 verbose parsed url   slashes: null,
524 verbose parsed url   auth: null,
524 verbose parsed url   host: null,
524 verbose parsed url   port: null,
524 verbose parsed url   hostname: null,
524 verbose parsed url   hash: null,
524 verbose parsed url   search: null,
524 verbose parsed url   query: null,
524 verbose parsed url   pathname: '2',
524 verbose parsed url   path: '2',
524 verbose parsed url   href: '2' }
525 verbose addNamed [ 'through', '2' ]
526 verbose addNamed [ null, '>=2.0.0-0 <3.0.0-0' ]
527 silly lockFile 0c2246b4-through-2 through@2
528 verbose lock through@2 C:\Users\Lucy Allen\AppData\Roaming\npm-cache\0c2246b4-through-2.lock
529 silly addNameRange { name: 'through', range: '>=2.0.0-0 <3.0.0-0', hasData: false }
530 verbose request where is /through
531 verbose request registry https://registry.npmjs.org/
532 verbose url raw /through
533 verbose url resolving [ 'https://registry.npmjs.org/', './through' ]
534 verbose url resolved https://registry.npmjs.org/through
535 verbose request where is https://registry.npmjs.org/through
536 info trying registry request attempt 1 at 11:10:53
537 http GET https://registry.npmjs.org/through
538 silly gunzTarPerm extractEntry test/native.js
539 silly gunzTarPerm modified mode [ 'test/native.js', 420, 438 ]
540 silly gunzTarPerm extractEntry test/test.js
541 silly gunzTarPerm modified mode [ 'test/test.js', 420, 438 ]
542 silly gunzTarPerm extractEntry test/parse_defaults.js
543 silly gunzTarPerm modified mode [ 'test/parse_defaults.js', 420, 438 ]
544 silly gunzTarPerm extractEntry test/parse_modified.js
545 silly gunzTarPerm modified mode [ 'test/parse_modified.js', 420, 438 ]
546 silly gunzTarPerm extractEntry test/blort-pass.pem
547 silly gunzTarPerm modified mode [ 'test/blort-pass.pem', 420, 438 ]
548 silly gunzTarPerm extractEntry test/blort.pem
549 silly gunzTarPerm modified mode [ 'test/blort.pem', 420, 438 ]
550 silly gunzTarPerm extractEntry test/blort.pub
551 silly gunzTarPerm modified mode [ 'test/blort.pub', 420, 438 ]
552 silly gunzTarPerm extractEntry test/blort.sshpub
553 silly gunzTarPerm modified mode [ 'test/blort.sshpub', 420, 438 ]
554 silly gunzTarPerm extractEntry test/parse.js
555 silly gunzTarPerm modified mode [ 'test/parse.js', 420, 438 ]
556 silly gunzTarPerm extractEntry test/mocha.opts
557 silly gunzTarPerm modified mode [ 'test/mocha.opts', 420, 438 ]
558 silly gunzTarPerm extractEntry test/config.json
559 silly gunzTarPerm modified mode [ 'test/config.json', 420, 438 ]
560 silly gunzTarPerm extractEntry test/_/bin.js
561 silly gunzTarPerm modified mode [ 'test/_/bin.js', 493, 511 ]
562 silly gunzTarPerm extractEntry test/zorch.pem
563 silly gunzTarPerm modified mode [ 'test/zorch.pem', 420, 438 ]
564 silly gunzTarPerm extractEntry test/zorch.pub
565 silly gunzTarPerm modified mode [ 'test/zorch.pub', 420, 438 ]
566 silly gunzTarPerm extractEntry lib/minimist.js
567 silly gunzTarPerm modified mode [ 'lib/minimist.js', 420, 438 ]
568 silly gunzTarPerm extractEntry lib/wordwrap.js
569 silly gunzTarPerm modified mode [ 'lib/wordwrap.js', 420, 438 ]
570 silly gunzTarPerm extractEntry .travis.yml
571 silly gunzTarPerm modified mode [ '.travis.yml', 420, 438 ]
572 silly gunzTarPerm extractEntry example/bool.js
573 silly gunzTarPerm modified mode [ 'example/bool.js', 420, 438 ]
574 silly gunzTarPerm extractEntry example/demand_count.js
575 silly gunzTarPerm modified mode [ 'example/demand_count.js', 420, 438 ]
576 silly gunzTarPerm extractEntry example/divide.js
577 silly gunzTarPerm modified mode [ 'example/divide.js', 420, 438 ]
578 silly gunzTarPerm extractEntry example/implies.js
579 silly gunzTarPerm modified mode [ 'example/implies.js', 420, 438 ]
580 silly gunzTarPerm extractEntry example/implies_hash.js
581 silly gunzTarPerm modified mode [ 'example/implies_hash.js', 420, 438 ]
582 silly gunzTarPerm extractEntry example/default_singles.js
583 silly gunzTarPerm modified mode [ 'example/default_singles.js', 420, 438 ]
584 silly gunzTarPerm extractEntry example/line_count_options.js
585 silly gunzTarPerm modified mode [ 'example/line_count_options.js', 420, 438 ]
586 silly gunzTarPerm extractEntry example/line_count_wrap.js
587 silly gunzTarPerm modified mode [ 'example/line_count_wrap.js', 420, 438 ]
588 silly gunzTarPerm extractEntry example/nonopt.js
589 silly gunzTarPerm modified mode [ 'example/nonopt.js', 420, 438 ]
590 silly gunzTarPerm extractEntry example/requires_arg.js
591 silly gunzTarPerm modified mode [ 'example/requires_arg.js', 420, 438 ]
592 silly gunzTarPerm extractEntry example/short.js
593 silly gunzTarPerm modified mode [ 'example/short.js', 420, 438 ]
594 silly gunzTarPerm extractEntry example/default_hash.js
595 silly gunzTarPerm modified mode [ 'example/default_hash.js', 420, 438 ]
596 silly gunzTarPerm extractEntry example/strict.js
597 silly gunzTarPerm modified mode [ 'example/strict.js', 420, 438 ]
598 silly gunzTarPerm extractEntry example/count.js
599 silly gunzTarPerm modified mode [ 'example/count.js', 420, 438 ]
600 silly gunzTarPerm extractEntry example/string.js
601 silly gunzTarPerm modified mode [ 'example/string.js', 420, 438 ]
602 silly gunzTarPerm extractEntry example/boolean_single.js
603 silly gunzTarPerm modified mode [ 'example/boolean_single.js', 420, 438 ]
604 silly gunzTarPerm extractEntry example/usage-options.js
605 silly gunzTarPerm modified mode [ 'example/usage-options.js', 420, 438 ]
606 silly gunzTarPerm extractEntry example/boolean_double.js
607 silly gunzTarPerm modified mode [ 'example/boolean_double.js', 420, 438 ]
608 silly gunzTarPerm extractEntry example/xup.js
609 silly gunzTarPerm modified mode [ 'example/xup.js', 420, 438 ]
610 silly gunzTarPerm extractEntry example/line_count.js
611 silly gunzTarPerm modified mode [ 'example/line_count.js', 420, 438 ]
612 silly lockFile 5711f664-travis-encrypt-node-modules-ursa tar://C:\Users\Lucy Allen\AppData\Roaming\npm\node_modules\travis-encrypt\node_modules\ursa
613 silly lockFile 5711f664-travis-encrypt-node-modules-ursa tar://C:\Users\Lucy Allen\AppData\Roaming\npm\node_modules\travis-encrypt\node_modules\ursa
614 silly lockFile 829530ce-npm-cache-ursa-0-8-0-package-tgz tar://C:\Users\Lucy Allen\AppData\Roaming\npm-cache\ursa\0.8.0\package.tgz
615 silly lockFile 829530ce-npm-cache-ursa-0-8-0-package-tgz tar://C:\Users\Lucy Allen\AppData\Roaming\npm-cache\ursa\0.8.0\package.tgz
616 info preinstall ursa@0.8.0
617 verbose readDependencies using package.json deps
618 verbose readDependencies using package.json deps
619 silly resolved []
620 verbose about to build C:\Users\Lucy Allen\AppData\Roaming\npm\node_modules\travis-encrypt\node_modules\ursa
621 info build C:\Users\Lucy Allen\AppData\Roaming\npm\node_modules\travis-encrypt\node_modules\ursa
622 verbose linkStuff [ true,
622 verbose linkStuff   'C:\\Users\\Lucy Allen\\AppData\\Roaming\\npm\\node_modules',
622 verbose linkStuff   false,
622 verbose linkStuff   'C:\\Users\\Lucy Allen\\AppData\\Roaming\\npm\\node_modules\\travis-encrypt\\node_modules' ]
623 info linkStuff ursa@0.8.0
624 verbose linkBins ursa@0.8.0
625 verbose linkMans ursa@0.8.0
626 verbose rebuildBundles ursa@0.8.0
627 info install ursa@0.8.0
628 verbose unsafe-perm in lifecycle true
629 silly lockFile 01013213-ravis-encrypt-node-modules-yargs tar://C:\Users\Lucy Allen\AppData\Roaming\npm\node_modules\travis-encrypt\node_modules\yargs
630 silly lockFile 01013213-ravis-encrypt-node-modules-yargs tar://C:\Users\Lucy Allen\AppData\Roaming\npm\node_modules\travis-encrypt\node_modules\yargs
631 silly lockFile 1322920b-pm-cache-yargs-1-2-6-package-tgz tar://C:\Users\Lucy Allen\AppData\Roaming\npm-cache\yargs\1.2.6\package.tgz
632 silly lockFile 1322920b-pm-cache-yargs-1-2-6-package-tgz tar://C:\Users\Lucy Allen\AppData\Roaming\npm-cache\yargs\1.2.6\package.tgz
633 info preinstall yargs@1.2.6
634 verbose readDependencies using package.json deps
635 verbose readDependencies using package.json deps
636 verbose cache add [ 'minimist@^0.1.0', null ]
637 verbose cache add name=undefined spec="minimist@^0.1.0" args=["minimist@^0.1.0",null]
638 verbose parsed url { protocol: null,
638 verbose parsed url   slashes: null,
638 verbose parsed url   auth: null,
638 verbose parsed url   host: null,
638 verbose parsed url   port: null,
638 verbose parsed url   hostname: null,
638 verbose parsed url   hash: null,
638 verbose parsed url   search: null,
638 verbose parsed url   query: null,
638 verbose parsed url   pathname: 'minimist@^0.1.0',
638 verbose parsed url   path: 'minimist@^0.1.0',
638 verbose parsed url   href: 'minimist@^0.1.0' }
639 verbose cache add name="minimist" spec="^0.1.0" args=["minimist","^0.1.0"]
640 verbose parsed url { protocol: null,
640 verbose parsed url   slashes: null,
640 verbose parsed url   auth: null,
640 verbose parsed url   host: null,
640 verbose parsed url   port: null,
640 verbose parsed url   hostname: null,
640 verbose parsed url   hash: null,
640 verbose parsed url   search: null,
640 verbose parsed url   query: null,
640 verbose parsed url   pathname: '^0.1.0',
640 verbose parsed url   path: '^0.1.0',
640 verbose parsed url   href: '^0.1.0' }
641 verbose addNamed [ 'minimist', '^0.1.0' ]
642 verbose addNamed [ null, '>=0.1.0-0 <0.2.0-0' ]
643 silly lockFile 5a214faa-minimist-0-1-0 minimist@^0.1.0
644 verbose lock minimist@^0.1.0 C:\Users\Lucy Allen\AppData\Roaming\npm-cache\5a214faa-minimist-0-1-0.lock
645 silly addNameRange { name: 'minimist', range: '>=0.1.0-0 <0.2.0-0', hasData: false }
646 verbose request where is /minimist
647 verbose request registry https://registry.npmjs.org/
648 verbose url raw /minimist
649 verbose url resolving [ 'https://registry.npmjs.org/', './minimist' ]
650 verbose url resolved https://registry.npmjs.org/minimist
651 verbose request where is https://registry.npmjs.org/minimist
652 info trying registry request attempt 1 at 11:10:54
653 http GET https://registry.npmjs.org/minimist
654 info ursa@0.8.0 Failed to exec install script
655 verbose node_modules\travis-encrypt\node_modules\ursa unbuild
656 info preuninstall ursa@0.8.0
657 info uninstall ursa@0.8.0
658 verbose false,C:\Users\Lucy Allen\AppData\Roaming\npm\node_modules,C:\Users\Lucy Allen\AppData\Roaming\npm\node_modules\travis-encrypt\node_modules unbuild ursa@0.8.0
659 info postuninstall ursa@0.8.0
660 verbose about to build C:\Users\Lucy Allen\AppData\Roaming\npm\node_modules\travis-encrypt
661 verbose node_modules\travis-encrypt unbuild
662 info preuninstall travis-encrypt@1.0.1
663 info uninstall travis-encrypt@1.0.1
664 verbose true,C:\Users\Lucy Allen\AppData\Roaming\npm\node_modules,C:\Users\Lucy Allen\AppData\Roaming\npm\node_modules unbuild travis-encrypt@1.0.1
665 verbose C:\Users\Lucy Allen\AppData\Roaming\npm,[object Object] binRoot
666 info postuninstall travis-encrypt@1.0.1
667 error ursa@0.8.0 install: `node-gyp configure build && node install.js`
667 error Exit status 1
668 error Failed at the ursa@0.8.0 install script.
668 error This is most likely a problem with the ursa package,
668 error not with npm itself.
668 error Tell the author that this fails on your system:
668 error     node-gyp configure build && node install.js
668 error You can get their info via:
668 error     npm owner ls ursa
668 error There is likely additional logging output above.
669 error System Windows_NT 6.1.7601
670 error command "C:\\Program Files\\nodejs\\\\node.exe" "C:\\Program Files\\nodejs\\node_modules\\npm\\bin\\npm-cli.js" "install" "travis-encrypt" "-g"
671 error cwd C:\Users\Lucy Allen\Documents\repos\docs
672 error node -v v0.10.30
673 error npm -v 1.4.21
674 error code ELIFECYCLE
675 verbose exit [ 1, true ]
